{"total": {"lines":{"total":6047,"covered":4127,"skipped":0,"pct":68.24},"statements":{"total":6047,"covered":4127,"skipped":0,"pct":68.24},"functions":{"total":349,"covered":229,"skipped":0,"pct":65.61},"branches":{"total":1170,"covered":785,"skipped":0,"pct":67.09},"branchesTrue":{"total":0,"covered":0,"skipped":0,"pct":100}}
,"/anywhere/issara-doctor/backend/appointmentMapper.cjs": {"lines":{"total":67,"covered":63,"skipped":0,"pct":94.02},"functions":{"total":1,"covered":1,"skipped":0,"pct":100},"statements":{"total":67,"covered":63,"skipped":0,"pct":94.02},"branches":{"total":28,"covered":7,"skipped":0,"pct":25}}
,"/anywhere/issara-doctor/backend/appointmentPoolQuery.cjs": {"lines":{"total":191,"covered":178,"skipped":0,"pct":93.19},"functions":{"total":14,"covered":13,"skipped":0,"pct":92.85},"statements":{"total":191,"covered":178,"skipped":0,"pct":93.19},"branches":{"total":95,"covered":65,"skipped":0,"pct":68.42}}
,"/anywhere/issara-doctor/backend/appointmentQueueMapper.cjs": {"lines":{"total":137,"covered":130,"skipped":0,"pct":94.89},"functions":{"total":5,"covered":5,"skipped":0,"pct":100},"statements":{"total":137,"covered":130,"skipped":0,"pct":94.89},"branches":{"total":48,"covered":15,"skipped":0,"pct":31.25}}
,"/anywhere/issara-doctor/backend/calendarEventLinks.cjs": {"lines":{"total":57,"covered":57,"skipped":0,"pct":100},"functions":{"total":2,"covered":2,"skipped":0,"pct":100},"statements":{"total":57,"covered":57,"skipped":0,"pct":100},"branches":{"total":12,"covered":2,"skipped":0,"pct":16.66}}
,"/anywhere/issara-doctor/backend/emailService.cjs": {"lines":{"total":441,"covered":419,"skipped":0,"pct":95.01},"functions":{"total":13,"covered":12,"skipped":0,"pct":92.3},"statements":{"total":441,"covered":419,"skipped":0,"pct":95.01},"branches":{"total":29,"covered":16,"skipped":0,"pct":55.17}}
,"/anywhere/issara-doctor/backend/jitsiMeetingLinks.cjs": {"lines":{"total":73,"covered":73,"skipped":0,"pct":100},"functions":{"total":3,"covered":3,"skipped":0,"pct":100},"statements":{"total":73,"covered":73,"skipped":0,"pct":100},"branches":{"total":12,"covered":4,"skipped":0,"pct":33.33}}
,"/anywhere/issara-doctor/backend/loadCorsPolicy.cjs": {"lines":{"total":21,"covered":19,"skipped":0,"pct":90.47},"functions":{"total":0,"covered":0,"skipped":0,"pct":100},"statements":{"total":21,"covered":19,"skipped":0,"pct":90.47},"branches":{"total":4,"covered":3,"skipped":0,"pct":75}}
,"/anywhere/issara-doctor/backend/sessionAuth.cjs": {"lines":{"total":104,"covered":36,"skipped":0,"pct":34.61},"functions":{"total":6,"covered":1,"skipped":0,"pct":16.66},"statements":{"total":104,"covered":36,"skipped":0,"pct":34.61},"branches":{"total":1,"covered":1,"skipped":0,"pct":100}}
,"/anywhere/issara-doctor/backend/smtpEmailService.cjs": {"lines":{"total":343,"covered":338,"skipped":0,"pct":98.54},"functions":{"total":10,"covered":10,"skipped":0,"pct":100},"statements":{"total":343,"covered":338,"skipped":0,"pct":98.54},"branches":{"total":61,"covered":50,"skipped":0,"pct":81.96}}
,"/anywhere/issara-doctor/backend/socketEvents.cjs": {"lines":{"total":47,"covered":47,"skipped":0,"pct":100},"functions":{"total":0,"covered":0,"skipped":0,"pct":100},"statements":{"total":47,"covered":47,"skipped":0,"pct":100},"branches":{"total":0,"covered":0,"skipped":0,"pct":100}}
,"/anywhere/issara-doctor/backend/socketRedisAdapter.cjs": {"lines":{"total":26,"covered":26,"skipped":0,"pct":100},"functions":{"total":1,"covered":1,"skipped":0,"pct":100},"statements":{"total":26,"covered":26,"skipped":0,"pct":100},"branches":{"total":5,"covered":5,"skipped":0,"pct":100}}
,"/anywhere/issara-doctor/backend/security/owasp-middleware.cjs": {"lines":{"total":1033,"covered":204,"skipped":0,"pct":19.74},"functions":{"total":62,"covered":3,"skipped":0,"pct":4.83},"statements":{"total":1033,"covered":204,"skipped":0,"pct":19.74},"branches":{"total":23,"covered":13,"skipped":0,"pct":56.52}}
,"/anywhere/issara-doctor/frontend/services/aiClinicalCopilot.ts": {"lines":{"total":458,"covered":248,"skipped":0,"pct":54.14},"functions":{"total":30,"covered":22,"skipped":0,"pct":73.33},"statements":{"total":458,"covered":248,"skipped":0,"pct":54.14},"branches":{"total":75,"covered":25,"skipped":0,"pct":33.33}}
,"/anywhere/issara-doctor/frontend/services/clinicalDataService.ts": {"lines":{"total":250,"covered":198,"skipped":0,"pct":79.2},"functions":{"total":25,"covered":21,"skipped":0,"pct":84},"statements":{"total":250,"covered":198,"skipped":0,"pct":79.2},"branches":{"total":69,"covered":51,"skipped":0,"pct":73.91}}
,"/anywhere/issara-doctor/frontend/services/doctorDataService.ts": {"lines":{"total":258,"covered":151,"skipped":0,"pct":58.52},"functions":{"total":29,"covered":19,"skipped":0,"pct":65.51},"statements":{"total":258,"covered":151,"skipped":0,"pct":58.52},"branches":{"total":28,"covered":26,"skipped":0,"pct":92.85}}
,"/anywhere/issara-doctor/frontend/services/drugDatabase.ts": {"lines":{"total":179,"covered":171,"skipped":0,"pct":95.53},"functions":{"total":5,"covered":4,"skipped":0,"pct":80},"statements":{"total":179,"covered":171,"skipped":0,"pct":95.53},"branches":{"total":16,"covered":15,"skipped":0,"pct":93.75}}
,"/anywhere/issara-doctor/frontend/services/labOrderApi.ts": {"lines":{"total":35,"covered":35,"skipped":0,"pct":100},"functions":{"total":3,"covered":3,"skipped":0,"pct":100},"statements":{"total":35,"covered":35,"skipped":0,"pct":100},"branches":{"total":20,"covered":16,"skipped":0,"pct":80}}
,"/anywhere/issara-doctor/frontend/utils/appointmentPoolQuery.ts": {"lines":{"total":97,"covered":79,"skipped":0,"pct":81.44},"functions":{"total":9,"covered":8,"skipped":0,"pct":88.88},"statements":{"total":97,"covered":79,"skipped":0,"pct":81.44},"branches":{"total":42,"covered":19,"skipped":0,"pct":45.23}}
,"/anywhere/issara-doctor/frontend/utils/appointmentSchedule.ts": {"lines":{"total":49,"covered":37,"skipped":0,"pct":75.51},"functions":{"total":2,"covered":2,"skipped":0,"pct":100},"statements":{"total":49,"covered":37,"skipped":0,"pct":75.51},"branches":{"total":20,"covered":10,"skipped":0,"pct":50}}
,"/anywhere/issara-doctor/frontend/utils/emrAiDraft.ts": {"lines":{"total":16,"covered":16,"skipped":0,"pct":100},"functions":{"total":3,"covered":3,"skipped":0,"pct":100},"statements":{"total":16,"covered":16,"skipped":0,"pct":100},"branches":{"total":6,"covered":6,"skipped":0,"pct":100}}
,"/anywhere/issara-doctor/frontend/utils/jitsiDisplayName.ts": {"lines":{"total":25,"covered":9,"skipped":0,"pct":36},"functions":{"total":2,"covered":1,"skipped":0,"pct":50},"statements":{"total":25,"covered":9,"skipped":0,"pct":36},"branches":{"total":4,"covered":1,"skipped":0,"pct":25}}
,"/anywhere/issara-doctor/frontend/utils/jitsiMeetingConfig.ts": {"lines":{"total":358,"covered":195,"skipped":0,"pct":54.46},"functions":{"total":21,"covered":13,"skipped":0,"pct":61.9},"statements":{"total":358,"covered":195,"skipped":0,"pct":54.46},"branches":{"total":62,"covered":48,"skipped":0,"pct":77.41}}
,"/anywhere/issara-doctor/frontend/utils/postMeetingAppointments.ts": {"lines":{"total":9,"covered":9,"skipped":0,"pct":100},"functions":{"total":1,"covered":1,"skipped":0,"pct":100},"statements":{"total":9,"covered":9,"skipped":0,"pct":100},"branches":{"total":12,"covered":4,"skipped":0,"pct":33.33}}
,"/anywhere/issara-doctor/frontend/utils/resolveEnv.ts": {"lines":{"total":25,"covered":16,"skipped":0,"pct":64},"functions":{"total":3,"covered":2,"skipped":0,"pct":66.66},"statements":{"total":25,"covered":16,"skipped":0,"pct":64},"branches":{"total":10,"covered":5,"skipped":0,"pct":50}}
,"/anywhere/issara-doctor/frontend/utils/resolveMeetingServerUrl.ts": {"lines":{"total":36,"covered":10,"skipped":0,"pct":27.77},"functions":{"total":2,"covered":1,"skipped":0,"pct":50},"statements":{"total":36,"covered":10,"skipped":0,"pct":27.77},"branches":{"total":5,"covered":1,"skipped":0,"pct":20}}
,"/anywhere/issara-jitsi/backend/clinicalFallback.js": {"lines":{"total":26,"covered":26,"skipped":0,"pct":100},"functions":{"total":2,"covered":2,"skipped":0,"pct":100},"statements":{"total":26,"covered":26,"skipped":0,"pct":100},"branches":{"total":8,"covered":7,"skipped":0,"pct":87.5}}
,"/anywhere/issara-jitsi/backend/clinicalTextLimits.js": {"lines":{"total":95,"covered":80,"skipped":0,"pct":84.21},"functions":{"total":5,"covered":5,"skipped":0,"pct":100},"statements":{"total":95,"covered":80,"skipped":0,"pct":84.21},"branches":{"total":34,"covered":33,"skipped":0,"pct":97.05}}
,"/anywhere/issara-jitsi/backend/jibriWebhook.js": {"lines":{"total":18,"covered":16,"skipped":0,"pct":88.88},"functions":{"total":1,"covered":1,"skipped":0,"pct":100},"statements":{"total":18,"covered":16,"skipped":0,"pct":88.88},"branches":{"total":9,"covered":8,"skipped":0,"pct":88.88}}
,"/anywhere/issara-jitsi/backend/jitsiConfig.js": {"lines":{"total":125,"covered":109,"skipped":0,"pct":87.2},"functions":{"total":4,"covered":3,"skipped":0,"pct":75},"statements":{"total":125,"covered":109,"skipped":0,"pct":87.2},"branches":{"total":20,"covered":13,"skipped":0,"pct":65}}
,"/anywhere/issara-jitsi/backend/lobbyKey.js": {"lines":{"total":133,"covered":121,"skipped":0,"pct":90.97},"functions":{"total":8,"covered":6,"skipped":0,"pct":75},"statements":{"total":133,"covered":121,"skipped":0,"pct":90.97},"branches":{"total":37,"covered":23,"skipped":0,"pct":62.16}}
,"/anywhere/issara-jitsi/backend/meetingAuth.js": {"lines":{"total":39,"covered":35,"skipped":0,"pct":89.74},"functions":{"total":2,"covered":2,"skipped":0,"pct":100},"statements":{"total":39,"covered":35,"skipped":0,"pct":89.74},"branches":{"total":17,"covered":15,"skipped":0,"pct":88.23}}
,"/anywhere/issara-jitsi/backend/pipelineRetry.js": {"lines":{"total":42,"covered":42,"skipped":0,"pct":100},"functions":{"total":3,"covered":3,"skipped":0,"pct":100},"statements":{"total":42,"covered":42,"skipped":0,"pct":100},"branches":{"total":24,"covered":20,"skipped":0,"pct":83.33}}
,"/anywhere/issara-jitsi/backend/recordingAccess.js": {"lines":{"total":74,"covered":68,"skipped":0,"pct":91.89},"functions":{"total":6,"covered":6,"skipped":0,"pct":100},"statements":{"total":74,"covered":68,"skipped":0,"pct":91.89},"branches":{"total":39,"covered":32,"skipped":0,"pct":82.05}}
,"/anywhere/issara-jitsi/backend/recordingCleanup.js": {"lines":{"total":113,"covered":92,"skipped":0,"pct":81.41},"functions":{"total":7,"covered":7,"skipped":0,"pct":100},"statements":{"total":113,"covered":92,"skipped":0,"pct":81.41},"branches":{"total":35,"covered":21,"skipped":0,"pct":60}}
,"/anywhere/issara-jitsi/backend/recordingCrypto.js": {"lines":{"total":82,"covered":72,"skipped":0,"pct":87.8},"functions":{"total":6,"covered":6,"skipped":0,"pct":100},"statements":{"total":82,"covered":72,"skipped":0,"pct":87.8},"branches":{"total":35,"covered":27,"skipped":0,"pct":77.14}}
,"/anywhere/issara-jitsi/backend/requestValidation.js": {"lines":{"total":52,"covered":46,"skipped":0,"pct":88.46},"functions":{"total":4,"covered":4,"skipped":0,"pct":100},"statements":{"total":52,"covered":46,"skipped":0,"pct":88.46},"branches":{"total":28,"covered":22,"skipped":0,"pct":78.57}}
,"/anywhere/issara-jitsi/backend/securityHeaders.js": {"lines":{"total":13,"covered":13,"skipped":0,"pct":100},"functions":{"total":1,"covered":1,"skipped":0,"pct":100},"statements":{"total":13,"covered":13,"skipped":0,"pct":100},"branches":{"total":2,"covered":2,"skipped":0,"pct":100}}
,"/anywhere/issara-jitsi/backend/sessionAuth.js": {"lines":{"total":141,"covered":69,"skipped":0,"pct":48.93},"functions":{"total":8,"covered":3,"skipped":0,"pct":37.5},"statements":{"total":141,"covered":69,"skipped":0,"pct":48.93},"branches":{"total":24,"covered":17,"skipped":0,"pct":70.83}}
,"/anywhere/issara-jitsi/backend/socketHandlers.js": {"lines":{"total":221,"covered":221,"skipped":0,"pct":100},"functions":{"total":1,"covered":1,"skipped":0,"pct":100},"statements":{"total":221,"covered":221,"skipped":0,"pct":100},"branches":{"total":39,"covered":30,"skipped":0,"pct":76.92}}
,"/anywhere/issara-patient/backend/services/documentDeliveryService.ts": {"lines":{"total":36,"covered":36,"skipped":0,"pct":100},"functions":{"total":1,"covered":1,"skipped":0,"pct":100},"statements":{"total":36,"covered":36,"skipped":0,"pct":100},"branches":{"total":9,"covered":6,"skipped":0,"pct":66.66}}
,"/anywhere/issara-patient/frontend/hooks/useNotificationsPageHelpers.ts": {"lines":{"total":22,"covered":22,"skipped":0,"pct":100},"functions":{"total":2,"covered":2,"skipped":0,"pct":100},"statements":{"total":22,"covered":22,"skipped":0,"pct":100},"branches":{"total":8,"covered":7,"skipped":0,"pct":87.5}}
,"/anywhere/issara-patient/frontend/lib/api.ts": {"lines":{"total":41,"covered":35,"skipped":0,"pct":85.36},"functions":{"total":7,"covered":4,"skipped":0,"pct":57.14},"statements":{"total":41,"covered":35,"skipped":0,"pct":85.36},"branches":{"total":8,"covered":7,"skipped":0,"pct":87.5}}
,"/anywhere/issara-patient/frontend/utils/buildCalendarEventUrl.ts": {"lines":{"total":17,"covered":17,"skipped":0,"pct":100},"functions":{"total":2,"covered":2,"skipped":0,"pct":100},"statements":{"total":17,"covered":17,"skipped":0,"pct":100},"branches":{"total":4,"covered":2,"skipped":0,"pct":50}}
,"/anywhere/issara-patient/frontend/utils/jitsiDisplayName.ts": {"lines":{"total":27,"covered":18,"skipped":0,"pct":66.66},"functions":{"total":2,"covered":1,"skipped":0,"pct":50},"statements":{"total":27,"covered":18,"skipped":0,"pct":66.66},"branches":{"total":11,"covered":11,"skipped":0,"pct":100}}
,"/anywhere/issara-patient/frontend/utils/jitsiMeetingConfig.ts": {"lines":{"total":316,"covered":164,"skipped":0,"pct":51.89},"functions":{"total":18,"covered":12,"skipped":0,"pct":66.66},"statements":{"total":316,"covered":164,"skipped":0,"pct":51.89},"branches":{"total":55,"covered":49,"skipped":0,"pct":89.09}}
,"/anywhere/issara-patient/frontend/utils/notificationRouting.ts": {"lines":{"total":4,"covered":4,"skipped":0,"pct":100},"functions":{"total":1,"covered":1,"skipped":0,"pct":100},"statements":{"total":4,"covered":4,"skipped":0,"pct":100},"branches":{"total":3,"covered":3,"skipped":0,"pct":100}}
,"/anywhere/issara-patient/frontend/utils/resolveApiBaseUrl.ts": {"lines":{"total":14,"covered":12,"skipped":0,"pct":85.71},"functions":{"total":1,"covered":1,"skipped":0,"pct":100},"statements":{"total":14,"covered":12,"skipped":0,"pct":85.71},"branches":{"total":8,"covered":7,"skipped":0,"pct":87.5}}
,"/anywhere/issara-patient/frontend/utils/resolveEnv.ts": {"lines":{"total":25,"covered":18,"skipped":0,"pct":72},"functions":{"total":3,"covered":2,"skipped":0,"pct":66.66},"statements":{"total":25,"covered":18,"skipped":0,"pct":72},"branches":{"total":13,"covered":8,"skipped":0,"pct":61.53}}
,"/anywhere/issara-patient/frontend/utils/resolveMeetingServerUrl.ts": {"lines":{"total":36,"covered":27,"skipped":0,"pct":75},"functions":{"total":2,"covered":2,"skipped":0,"pct":100},"statements":{"total":36,"covered":27,"skipped":0,"pct":75},"branches":{"total":13,"covered":7,"skipped":0,"pct":53.84}}
}
