TN:
SF:../../../issara-doctor/backend/appointmentMapper.cjs
FN:5,mapAppointmentForClient
FNF:1
FNH:1
FNDA:2,mapAppointmentForClient
DA:1,1
DA:2,1
DA:3,1
DA:4,1
DA:5,2
DA:6,2
DA:7,2
DA:8,2
DA:9,2
DA:10,2
DA:11,2
DA:12,2
DA:13,2
DA:14,2
DA:15,2
DA:16,2
DA:17,2
DA:18,2
DA:19,0
DA:20,0
DA:21,2
DA:22,2
DA:23,2
DA:24,2
DA:25,0
DA:26,0
DA:27,2
DA:28,2
DA:29,2
DA:30,2
DA:31,2
DA:32,2
DA:33,2
DA:34,2
DA:35,2
DA:36,2
DA:37,2
DA:38,2
DA:39,2
DA:40,2
DA:41,2
DA:42,2
DA:43,2
DA:44,2
DA:45,2
DA:46,2
DA:47,2
DA:48,2
DA:49,2
DA:50,2
DA:51,2
DA:52,2
DA:53,2
DA:54,2
DA:55,2
DA:56,2
DA:57,2
DA:58,2
DA:59,2
DA:60,2
DA:61,2
DA:62,2
DA:63,2
DA:64,1
DA:65,1
DA:66,1
DA:67,1
LF:67
LH:63
BRDA:5,0,0,2
BRDA:6,1,0,0
BRDA:8,2,0,0
BRDA:9,3,0,0
BRDA:10,4,0,0
BRDA:10,5,0,0
BRDA:10,6,0,0
BRDA:11,7,0,0
BRDA:11,8,0,0
BRDA:11,9,0,0
BRDA:12,10,0,0
BRDA:12,11,0,0
BRDA:12,12,0,0
BRDA:13,13,0,0
BRDA:13,14,0,0
BRDA:13,15,0,0
BRDA:14,16,0,0
BRDA:14,17,0,0
BRDA:18,18,0,0
BRDA:24,19,0,0
BRDA:28,20,0,0
BRDA:33,21,0,0
BRDA:34,22,0,1
BRDA:35,23,0,1
BRDA:35,24,0,1
BRDA:35,25,0,1
BRDA:48,26,0,1
BRDA:48,27,0,1
BRF:28
BRH:7
end_of_record
TN:
SF:../../../issara-doctor/backend/appointmentPoolQuery.cjs
FN:11,buildPoolStatusList
FN:18,isSameUtcDay
FN:31,isWithinAcceptedWindow
FN:42,matchesPoolFilter
FN:53,mergePoolItemsById
FN:62,isUnassignedPendingRow
FN:68,isAssignedToDoctor
FN:75,isConfirmedForDoctor
FN:87,matchesDoctorPoolAccess
FN:103,buildDoctorPoolSqlFilter
FN:124,toPoolAccessRow
FN:133,isVisibleToDoctorInQueue
FN:140,confirmedTimestamp
FN:147,splitQueueSections
FNF:14
FNH:13
FNDA:8,buildPoolStatusList
FNDA:0,isSameUtcDay
FNDA:12,isWithinAcceptedWindow
FNDA:17,matchesPoolFilter
FNDA:1,mergePoolItemsById
FNDA:12,isUnassignedPendingRow
FNDA:9,isAssignedToDoctor
FNDA:2,isConfirmedForDoctor
FNDA:12,matchesDoctorPoolAccess
FNDA:1,buildDoctorPoolSqlFilter
FNDA:5,toPoolAccessRow
FNDA:7,isVisibleToDoctorInQueue
FNDA:4,confirmedTimestamp
FNDA:5,splitQueueSections
DA:1,1
DA:2,1
DA:3,1
DA:4,1
DA:5,1
DA:6,1
DA:7,1
DA:8,1
DA:9,1
DA:10,1
DA:11,8
DA:12,8
DA:13,4
DA:14,4
DA:15,4
DA:16,4
DA:17,1
DA:18,0
DA:19,0
DA:20,0
DA:21,0
DA:22,0
DA:23,0
DA:24,0
DA:25,0
DA:26,0
DA:27,0
DA:28,0
DA:29,1
DA:30,1
DA:31,12
DA:32,12
DA:33,12
DA:34,12
DA:35,12
DA:36,12
DA:37,12
DA:38,1
DA:39,1
DA:40,1
DA:41,1
DA:42,17
DA:43,17
DA:44,17
DA:45,17
DA:46,10
DA:47,6
DA:48,6
DA:49,1
DA:50,1
DA:51,1
DA:52,1
DA:53,1
DA:54,1
DA:55,1
DA:56,2
DA:57,2
DA:58,1
DA:59,1
DA:60,1
DA:61,1
DA:62,12
DA:63,12
DA:64,12
DA:65,12
DA:66,12
DA:67,1
DA:68,9
DA:69,9
DA:70,9
DA:71,9
DA:72,9
DA:73,9
DA:74,1
DA:75,2
DA:76,2
DA:77,2
DA:78,2
DA:79,2
DA:80,2
DA:81,2
DA:82,2
DA:83,2
DA:84,2
DA:85,2
DA:86,1
DA:87,12
DA:88,12
DA:89,12
DA:90,12
DA:91,12
DA:92,12
DA:93,0
DA:94,0
DA:95,8
DA:96,2
DA:97,2
DA:98,1
DA:99,1
DA:100,1
DA:101,1
DA:102,1
DA:103,1
DA:104,1
DA:105,1
DA:106,1
DA:107,1
DA:108,1
DA:109,1
DA:110,1
DA:111,1
DA:112,1
DA:113,1
DA:114,1
DA:115,1
DA:116,1
DA:117,1
DA:118,1
DA:119,1
DA:120,1
DA:121,1
DA:122,1
DA:123,1
DA:124,5
DA:125,5
DA:126,5
DA:127,5
DA:128,5
DA:129,5
DA:130,5
DA:131,5
DA:132,1
DA:133,7
DA:134,7
DA:135,7
DA:136,7
DA:137,5
DA:138,5
DA:139,1
DA:140,4
DA:141,4
DA:142,4
DA:143,1
DA:144,1
DA:145,1
DA:146,1
DA:147,5
DA:148,5
DA:149,5
DA:150,5
DA:151,5
DA:152,5
DA:153,5
DA:154,5
DA:155,7
DA:156,7
DA:157,7
DA:158,7
DA:159,7
DA:160,7
DA:161,3
DA:162,3
DA:163,3
DA:164,7
DA:165,7
DA:166,7
DA:167,7
DA:168,7
DA:169,7
DA:170,7
DA:171,4
DA:172,4
DA:173,4
DA:174,7
DA:175,5
DA:176,5
DA:177,5
DA:178,1
DA:179,1
DA:180,1
DA:181,1
DA:182,1
DA:183,1
DA:184,1
DA:185,1
DA:186,1
DA:187,1
DA:188,1
DA:189,1
DA:190,1
DA:191,1
LF:191
LH:178
BRDA:11,0,0,8
BRDA:12,1,0,4
BRDA:31,2,0,12
BRDA:32,3,0,0
BRDA:34,4,0,0
BRDA:42,5,0,17
BRDA:43,6,0,0
BRDA:44,7,0,13
BRDA:44,8,0,5
BRDA:45,9,0,12
BRDA:45,10,0,10
BRDA:45,11,0,5
BRDA:46,12,0,7
BRDA:46,13,0,6
BRDA:47,14,0,0
BRDA:47,15,0,0
BRDA:49,16,0,1
BRDA:53,17,0,1
BRDA:55,18,0,0
BRDA:55,19,0,2
BRDA:62,20,0,12
BRDA:63,21,0,0
BRDA:64,22,0,3
BRDA:64,23,0,3
BRDA:65,24,0,5
BRDA:68,25,0,9
BRDA:69,26,0,0
BRDA:69,27,0,0
BRDA:70,28,0,0
BRDA:71,29,0,8
BRDA:71,30,0,7
BRDA:72,31,0,2
BRDA:72,32,0,1
BRDA:75,33,0,2
BRDA:76,34,0,0
BRDA:77,35,0,0
BRDA:77,36,0,0
BRDA:78,37,0,1
BRDA:78,38,0,1
BRDA:78,39,0,1
BRDA:79,40,0,1
BRDA:79,41,0,1
BRDA:79,42,0,1
BRDA:80,43,0,0
BRDA:81,44,0,1
BRDA:81,45,0,1
BRDA:81,46,0,0
BRDA:82,47,0,1
BRDA:82,48,0,1
BRDA:82,49,0,0
BRDA:83,50,0,1
BRDA:83,51,0,1
BRDA:83,52,0,0
BRDA:87,53,0,12
BRDA:88,54,0,0
BRDA:89,55,0,0
BRDA:90,56,0,3
BRDA:91,57,0,9
BRDA:91,58,0,10
BRDA:91,59,0,7
BRDA:92,60,0,2
BRDA:92,61,0,0
BRDA:92,62,0,8
BRDA:92,63,0,0
BRDA:95,64,0,2
BRDA:95,65,0,0
BRDA:96,66,0,2
BRDA:103,67,0,1
BRDA:121,68,0,0
BRDA:124,69,0,5
BRDA:127,70,0,0
BRDA:127,71,0,0
BRDA:133,72,0,7
BRDA:134,73,0,1
BRDA:135,74,0,6
BRDA:135,75,0,1
BRDA:135,76,0,1
BRDA:136,77,0,5
BRDA:136,78,0,1
BRDA:140,79,0,4
BRDA:141,80,0,2
BRDA:141,81,0,0
BRDA:141,82,0,0
BRDA:147,83,0,5
BRDA:154,84,0,0
BRDA:154,85,0,7
BRDA:155,86,0,0
BRDA:156,87,0,0
BRDA:160,88,0,3
BRDA:160,89,0,3
BRDA:160,90,0,3
BRDA:167,91,0,4
BRDA:168,92,0,4
BRDA:169,93,0,4
BRDA:170,94,0,4
BRF:95
BRH:65
end_of_record
TN:
SF:../../../issara-doctor/backend/appointmentQueueMapper.cjs
FN:6,parseJsonField
FN:16,parseSymptoms
FN:29,derivePoolStatus
FN:41,mapAppointmentToQueueCard
FN:101,mapAppointmentToPoolItem
FNF:5
FNH:5
FNDA:15,parseJsonField
FNDA:3,parseSymptoms
FNDA:7,derivePoolStatus
FNDA:3,mapAppointmentToQueueCard
FNDA:3,mapAppointmentToPoolItem
DA:1,1
DA:2,1
DA:3,1
DA:4,1
DA:5,1
DA:6,15
DA:7,15
DA:8,0
DA:9,0
DA:10,0
DA:11,0
DA:12,0
DA:13,0
DA:14,15
DA:15,1
DA:16,3
DA:17,3
DA:18,3
DA:19,3
DA:20,3
DA:21,3
DA:22,3
DA:23,3
DA:24,3
DA:25,1
DA:26,1
DA:27,1
DA:28,1
DA:29,7
DA:30,7
DA:31,7
DA:32,7
DA:33,0
DA:34,7
DA:35,7
DA:36,1
DA:37,1
DA:38,1
DA:39,1
DA:40,1
DA:41,3
DA:42,3
DA:43,3
DA:44,3
DA:45,3
DA:46,3
DA:47,3
DA:48,3
DA:49,3
DA:50,3
DA:51,3
DA:52,3
DA:53,3
DA:54,3
DA:55,3
DA:56,3
DA:57,3
DA:58,3
DA:59,3
DA:60,3
DA:61,3
DA:62,3
DA:63,3
DA:64,3
DA:65,3
DA:66,3
DA:67,3
DA:68,3
DA:69,3
DA:70,3
DA:71,3
DA:72,3
DA:73,3
DA:74,3
DA:75,3
DA:76,3
DA:77,3
DA:78,3
DA:79,3
DA:80,3
DA:81,3
DA:82,3
DA:83,3
DA:84,3
DA:85,3
DA:86,3
DA:87,3
DA:88,3
DA:89,3
DA:90,3
DA:91,3
DA:92,3
DA:93,3
DA:94,3
DA:95,3
DA:96,3
DA:97,1
DA:98,1
DA:99,1
DA:100,1
DA:101,3
DA:102,3
DA:103,3
DA:104,3
DA:105,3
DA:106,3
DA:107,3
DA:108,3
DA:109,3
DA:110,3
DA:111,3
DA:112,3
DA:113,3
DA:114,3
DA:115,3
DA:116,3
DA:117,3
DA:118,3
DA:119,3
DA:120,3
DA:121,3
DA:122,3
DA:123,3
DA:124,3
DA:125,3
DA:126,3
DA:127,3
DA:128,3
DA:129,3
DA:130,3
DA:131,1
DA:132,1
DA:133,1
DA:134,1
DA:135,1
DA:136,1
DA:137,1
LF:137
LH:130
BRDA:6,0,0,15
BRDA:8,1,0,0
BRDA:16,2,0,3
BRDA:19,3,0,0
BRDA:20,4,0,0
BRDA:20,5,0,0
BRDA:21,6,0,0
BRDA:22,7,0,0
BRDA:29,8,0,7
BRDA:30,9,0,5
BRDA:31,10,0,6
BRDA:31,11,0,2
BRDA:31,12,0,0
BRDA:31,13,0,6
BRDA:31,14,0,2
BRDA:32,15,0,0
BRDA:32,16,0,0
BRDA:41,17,0,3
BRDA:42,18,0,0
BRDA:46,19,0,0
BRDA:47,20,0,0
BRDA:54,21,0,2
BRDA:54,22,0,2
BRDA:61,23,0,0
BRDA:66,24,0,0
BRDA:66,25,0,0
BRDA:66,26,0,0
BRDA:74,27,0,0
BRDA:85,28,0,0
BRDA:88,29,0,0
BRDA:88,30,0,0
BRDA:89,31,0,2
BRDA:89,32,0,2
BRDA:90,33,0,0
BRDA:90,34,0,0
BRDA:91,35,0,0
BRDA:92,36,0,0
BRDA:93,37,0,2
BRDA:94,38,0,0
BRDA:101,39,0,3
BRDA:103,40,0,0
BRDA:107,41,0,0
BRDA:107,42,0,0
BRDA:108,43,0,0
BRDA:113,44,0,0
BRDA:120,45,0,0
BRDA:127,46,0,0
BRDA:128,47,0,0
BRF:48
BRH:15
end_of_record
TN:
SF:../../../issara-doctor/backend/calendarEventLinks.cjs
FN:6,buildGoogleCalendarUrl
FN:22,buildTelehealthCalendarUrl
FNF:2
FNH:2
FNDA:3,buildGoogleCalendarUrl
FNDA:2,buildTelehealthCalendarUrl
DA:1,1
DA:2,1
DA:3,1
DA:4,1
DA:5,1
DA:6,3
DA:7,3
DA:8,3
DA:9,3
DA:10,3
DA:11,3
DA:12,3
DA:13,3
DA:14,3
DA:15,3
DA:16,3
DA:17,3
DA:18,3
DA:19,3
DA:20,3
DA:21,1
DA:22,2
DA:23,2
DA:24,2
DA:25,2
DA:26,2
DA:27,2
DA:28,2
DA:29,2
DA:30,2
DA:31,2
DA:32,2
DA:33,2
DA:34,2
DA:35,2
DA:36,2
DA:37,2
DA:38,2
DA:39,2
DA:40,2
DA:41,2
DA:42,2
DA:43,2
DA:44,2
DA:45,2
DA:46,2
DA:47,2
DA:48,2
DA:49,2
DA:50,2
DA:51,2
DA:52,2
DA:53,1
DA:54,1
DA:55,1
DA:56,1
DA:57,1
LF:57
LH:57
BRDA:6,0,0,3
BRDA:13,1,0,0
BRDA:15,2,0,0
BRDA:16,3,0,0
BRDA:22,4,0,2
BRDA:33,5,0,0
BRDA:34,6,0,0
BRDA:38,7,0,0
BRDA:40,8,0,0
BRDA:41,9,0,0
BRDA:42,10,0,0
BRDA:50,11,0,0
BRF:12
BRH:2
end_of_record
TN:
SF:../../../issara-doctor/backend/emailService.cjs
FN:17,getGoogleApis
FN:28,passwordReset
FN:88,adminNotification
FN:163,approvalNotification
FN:243,rejectionNotification
FN:300,<instance_members_initializer>
FN:305,initialize
FN:336,encodeMessage
FN:369,sendEmail
FN:402,sendPasswordResetEmail
FN:411,sendAdminNotification
FN:424,sendApprovalNotification
FN:432,sendRejectionNotification
FNF:13
FNH:12
FNDA:0,getGoogleApis
FNDA:1,passwordReset
FNDA:1,adminNotification
FNDA:1,approvalNotification
FNDA:1,rejectionNotification
FNDA:15,<instance_members_initializer>
FNDA:1,initialize
FNDA:3,encodeMessage
FNDA:7,sendEmail
FNDA:1,sendPasswordResetEmail
FNDA:1,sendAdminNotification
FNDA:1,sendApprovalNotification
FNDA:1,sendRejectionNotification
DA:1,1
DA:2,1
DA:3,1
DA:4,1
DA:5,1
DA:6,1
DA:7,1
DA:8,1
DA:9,1
DA:10,1
DA:11,1
DA:12,1
DA:13,1
DA:14,1
DA:15,1
DA:16,1
DA:17,0
DA:18,0
DA:19,0
DA:20,0
DA:21,0
DA:22,0
DA:23,0
DA:24,0
DA:25,1
DA:26,1
DA:27,1
DA:28,1
DA:29,1
DA:30,1
DA:31,1
DA:32,1
DA:33,1
DA:34,1
DA:35,1
DA:36,1
DA:37,1
DA:38,1
DA:39,1
DA:40,1
DA:41,1
DA:42,1
DA:43,1
DA:44,1
DA:45,1
DA:46,1
DA:47,1
DA:48,1
DA:49,1
DA:50,1
DA:51,1
DA:52,1
DA:53,1
DA:54,1
DA:55,1
DA:56,1
DA:57,1
DA:58,1
DA:59,1
DA:60,1
DA:61,1
DA:62,1
DA:63,1
DA:64,1
DA:65,1
DA:66,1
DA:67,1
DA:68,1
DA:69,1
DA:70,1
DA:71,1
DA:72,1
DA:73,1
DA:74,1
DA:75,1
DA:76,1
DA:77,1
DA:78,1
DA:79,1
DA:80,1
DA:81,1
DA:82,1
DA:83,1
DA:84,1
DA:85,1
DA:86,1
DA:87,1
DA:88,1
DA:89,1
DA:90,1
DA:91,1
DA:92,1
DA:93,1
DA:94,1
DA:95,1
DA:96,1
DA:97,1
DA:98,1
DA:99,1
DA:100,1
DA:101,1
DA:102,1
DA:103,1
DA:104,1
DA:105,1
DA:106,1
DA:107,1
DA:108,1
DA:109,1
DA:110,1
DA:111,1
DA:112,1
DA:113,1
DA:114,1
DA:115,1
DA:116,1
DA:117,1
DA:118,1
DA:119,1
DA:120,1
DA:121,1
DA:122,1
DA:123,1
DA:124,1
DA:125,1
DA:126,1
DA:127,1
DA:128,1
DA:129,1
DA:130,1
DA:131,1
DA:132,1
DA:133,1
DA:134,1
DA:135,1
DA:136,1
DA:137,1
DA:138,1
DA:139,1
DA:140,1
DA:141,1
DA:142,1
DA:143,1
DA:144,1
DA:145,1
DA:146,1
DA:147,1
DA:148,1
DA:149,1
DA:150,1
DA:151,1
DA:152,1
DA:153,1
DA:154,1
DA:155,1
DA:156,1
DA:157,1
DA:158,1
DA:159,1
DA:160,1
DA:161,1
DA:162,1
DA:163,1
DA:164,1
DA:165,1
DA:166,1
DA:167,1
DA:168,1
DA:169,1
DA:170,1
DA:171,1
DA:172,1
DA:173,1
DA:174,1
DA:175,1
DA:176,1
DA:177,1
DA:178,1
DA:179,1
DA:180,1
DA:181,1
DA:182,1
DA:183,1
DA:184,1
DA:185,1
DA:186,1
DA:187,1
DA:188,1
DA:189,1
DA:190,1
DA:191,1
DA:192,1
DA:193,1
DA:194,1
DA:195,1
DA:196,1
DA:197,1
DA:198,1
DA:199,1
DA:200,1
DA:201,1
DA:202,1
DA:203,1
DA:204,1
DA:205,1
DA:206,1
DA:207,1
DA:208,1
DA:209,1
DA:210,1
DA:211,1
DA:212,1
DA:213,1
DA:214,1
DA:215,1
DA:216,1
DA:217,1
DA:218,1
DA:219,1
DA:220,1
DA:221,1
DA:222,1
DA:223,1
DA:224,1
DA:225,1
DA:226,1
DA:227,1
DA:228,1
DA:229,1
DA:230,1
DA:231,1
DA:232,1
DA:233,1
DA:234,1
DA:235,1
DA:236,1
DA:237,1
DA:238,1
DA:239,1
DA:240,1
DA:241,1
DA:242,1
DA:243,1
DA:244,1
DA:245,1
DA:246,1
DA:247,1
DA:248,1
DA:249,1
DA:250,1
DA:251,1
DA:252,1
DA:253,1
DA:254,1
DA:255,1
DA:256,1
DA:257,1
DA:258,1
DA:259,1
DA:260,1
DA:261,1
DA:262,1
DA:263,1
DA:264,1
DA:265,1
DA:266,1
DA:267,1
DA:268,1
DA:269,1
DA:270,1
DA:271,1
DA:272,1
DA:273,1
DA:274,1
DA:275,1
DA:276,1
DA:277,1
DA:278,1
DA:279,1
DA:280,1
DA:281,1
DA:282,1
DA:283,1
DA:284,1
DA:285,1
DA:286,1
DA:287,1
DA:288,1
DA:289,1
DA:290,1
DA:291,1
DA:292,1
DA:293,1
DA:294,1
DA:295,1
DA:296,1
DA:297,1
DA:298,1
DA:299,1
DA:300,15
DA:301,15
DA:302,15
DA:303,15
DA:304,15
DA:305,15
DA:306,1
DA:307,1
DA:308,1
DA:309,1
DA:310,1
DA:311,1
DA:312,0
DA:313,0
DA:314,0
DA:315,0
DA:316,0
DA:317,0
DA:318,0
DA:319,0
DA:320,0
DA:321,0
DA:322,0
DA:323,1
DA:324,1
DA:325,1
DA:326,1
DA:327,1
DA:328,0
DA:329,0
DA:330,0
DA:331,1
DA:332,15
DA:333,15
DA:334,15
DA:335,15
DA:336,15
DA:337,3
DA:338,3
DA:339,3
DA:340,3
DA:341,3
DA:342,3
DA:343,3
DA:344,3
DA:345,3
DA:346,3
DA:347,3
DA:348,3
DA:349,3
DA:350,3
DA:351,3
DA:352,3
DA:353,3
DA:354,3
DA:355,3
DA:356,3
DA:357,3
DA:358,3
DA:359,3
DA:360,3
DA:361,3
DA:362,3
DA:363,3
DA:364,3
DA:365,15
DA:366,15
DA:367,15
DA:368,15
DA:369,15
DA:370,7
DA:371,7
DA:372,7
DA:373,7
DA:374,5
DA:375,5
DA:376,5
DA:377,5
DA:378,5
DA:379,5
DA:380,2
DA:381,2
DA:382,2
DA:383,2
DA:384,2
DA:385,2
DA:386,2
DA:387,2
DA:388,2
DA:389,2
DA:390,1
DA:391,1
DA:392,1
DA:393,1
DA:394,1
DA:395,1
DA:396,1
DA:397,7
DA:398,15
DA:399,15
DA:400,15
DA:401,15
DA:402,15
DA:403,1
DA:404,1
DA:405,1
DA:406,1
DA:407,15
DA:408,15
DA:409,15
DA:410,15
DA:411,15
DA:412,1
DA:413,1
DA:414,1
DA:415,1
DA:416,1
DA:417,1
DA:418,1
DA:419,1
DA:420,15
DA:421,15
DA:422,15
DA:423,15
DA:424,15
DA:425,1
DA:426,1
DA:427,1
DA:428,15
DA:429,15
DA:430,15
DA:431,15
DA:432,15
DA:433,1
DA:434,1
DA:435,1
DA:436,15
DA:437,1
DA:438,1
DA:439,1
DA:440,1
DA:441,1
LF:441
LH:419
BRDA:28,0,0,1
BRDA:51,1,0,0
BRDA:75,2,0,0
BRDA:88,3,0,1
BRDA:127,4,0,0
BRDA:136,5,0,0
BRDA:154,6,0,0
BRDA:163,7,0,1
BRDA:213,8,0,0
BRDA:235,9,0,0
BRDA:243,10,0,1
BRDA:269,11,0,0
BRDA:291,12,0,0
BRDA:300,13,0,15
BRDA:305,14,0,1
BRDA:309,15,0,0
BRDA:311,16,0,0
BRDA:327,17,0,0
BRDA:336,18,0,3
BRDA:369,19,0,7
BRDA:373,20,0,2
BRDA:373,21,0,5
BRDA:380,22,0,2
BRDA:390,23,0,1
BRDA:402,24,0,1
BRDA:403,25,0,0
BRDA:411,26,0,1
BRDA:424,27,0,1
BRDA:432,28,0,1
BRF:29
BRH:16
end_of_record
TN:
SF:../../../issara-doctor/backend/jitsiMeetingLinks.cjs
FN:6,generateIzaraRoomName
FN:13,buildJitsiHashUrl
FN:27,buildTelehealthMeetingUrls
FNF:3
FNH:3
FNDA:3,generateIzaraRoomName
FNDA:12,buildJitsiHashUrl
FNDA:4,buildTelehealthMeetingUrls
DA:1,1
DA:2,1
DA:3,1
DA:4,1
DA:5,1
DA:6,3
DA:7,3
DA:8,3
DA:9,3
DA:10,3
DA:11,3
DA:12,1
DA:13,12
DA:14,12
DA:15,12
DA:16,12
DA:17,12
DA:18,12
DA:19,12
DA:20,12
DA:21,12
DA:22,12
DA:23,12
DA:24,12
DA:25,12
DA:26,1
DA:27,4
DA:28,4
DA:29,4
DA:30,4
DA:31,4
DA:32,4
DA:33,4
DA:34,4
DA:35,4
DA:36,4
DA:37,4
DA:38,4
DA:39,4
DA:40,4
DA:41,4
DA:42,4
DA:43,4
DA:44,4
DA:45,4
DA:46,4
DA:47,4
DA:48,4
DA:49,4
DA:50,4
DA:51,4
DA:52,4
DA:53,4
DA:54,4
DA:55,4
DA:56,4
DA:57,4
DA:58,4
DA:59,4
DA:60,4
DA:61,4
DA:62,4
DA:63,4
DA:64,4
DA:65,4
DA:66,4
DA:67,4
DA:68,1
DA:69,1
DA:70,1
DA:71,1
DA:72,1
DA:73,1
LF:73
LH:73
BRDA:6,0,0,3
BRDA:7,1,0,0
BRDA:13,2,0,12
BRDA:27,3,0,4
BRDA:29,4,0,2
BRDA:31,5,0,0
BRDA:32,6,0,0
BRDA:35,7,0,0
BRDA:47,8,0,0
BRDA:48,9,0,0
BRDA:52,10,0,0
BRDA:55,11,0,0
BRF:12
BRH:4
end_of_record
TN:
SF:../../../issara-doctor/backend/loadCorsPolicy.cjs
FNF:0
FNH:0
DA:1,3
DA:2,3
DA:3,3
DA:4,3
DA:5,3
DA:6,3
DA:7,3
DA:8,3
DA:9,3
DA:10,3
DA:11,3
DA:12,3
DA:13,3
DA:14,3
DA:15,6
DA:16,3
DA:17,3
DA:18,3
DA:19,6
DA:20,0
DA:21,0
LF:21
LH:19
BRDA:1,0,0,3
BRDA:14,1,0,6
BRDA:15,2,0,3
BRDA:20,3,0,0
BRF:4
BRH:3
end_of_record
TN:
SF:../../../issara-doctor/backend/sessionAuth.cjs
FN:18,sessionRowToReqUser
FN:35,validateSessionToken
FN:46,createAuthenticateSession
FN:63,createOptionalSessionAuth
FN:78,requireRole
FN:92,generateOpaqueToken
FNF:6
FNH:1
FNDA:0,sessionRowToReqUser
FNDA:0,validateSessionToken
FNDA:0,createAuthenticateSession
FNDA:0,createOptionalSessionAuth
FNDA:0,requireRole
FNDA:1,generateOpaqueToken
DA:1,1
DA:2,1
DA:3,1
DA:4,1
DA:5,1
DA:6,1
DA:7,1
DA:8,1
DA:9,1
DA:10,1
DA:11,1
DA:12,1
DA:13,1
DA:14,1
DA:15,1
DA:16,1
DA:17,1
DA:18,0
DA:19,0
DA:20,0
DA:21,0
DA:22,0
DA:23,0
DA:24,0
DA:25,0
DA:26,0
DA:27,0
DA:28,0
DA:29,0
DA:30,0
DA:31,0
DA:32,0
DA:33,0
DA:34,1
DA:35,0
DA:36,0
DA:37,0
DA:38,0
DA:39,0
DA:40,0
DA:41,0
DA:42,0
DA:43,0
DA:44,0
DA:45,1
DA:46,0
DA:47,0
DA:48,0
DA:49,0
DA:50,0
DA:51,0
DA:52,0
DA:53,0
DA:54,0
DA:55,0
DA:56,0
DA:57,0
DA:58,0
DA:59,0
DA:60,0
DA:61,0
DA:62,1
DA:63,0
DA:64,0
DA:65,0
DA:66,0
DA:67,0
DA:68,0
DA:69,0
DA:70,0
DA:71,0
DA:72,0
DA:73,0
DA:74,0
DA:75,0
DA:76,0
DA:77,1
DA:78,0
DA:79,0
DA:80,0
DA:81,0
DA:82,0
DA:83,0
DA:84,0
DA:85,0
DA:86,0
DA:87,0
DA:88,0
DA:89,0
DA:90,1
DA:91,1
DA:92,1
DA:93,1
DA:94,1
DA:95,1
DA:96,1
DA:97,1
DA:98,1
DA:99,1
DA:100,1
DA:101,1
DA:102,1
DA:103,1
DA:104,1
LF:104
LH:36
BRDA:92,0,0,1
BRF:1
BRH:1
end_of_record
TN:
SF:../../../issara-doctor/backend/smtpEmailService.cjs
FN:52,renderTemplate
FN:88,escapeHtml
FN:100,htmlToPlainText
FN:125,SmtpEmailService
FN:137,initialize
FN:204,verify
FN:229,sendTemplateEmail
FN:257,sendRawEmail
FN:295,sendAppointmentConfirmation
FN:317,sendAppointmentDeclined
FNF:10
FNH:10
FNDA:8,renderTemplate
FNDA:32,escapeHtml
FNDA:6,htmlToPlainText
FNDA:28,SmtpEmailService
FNDA:7,initialize
FNDA:3,verify
FNDA:3,sendTemplateEmail
FNDA:5,sendRawEmail
FNDA:1,sendAppointmentConfirmation
FNDA:1,sendAppointmentDeclined
DA:1,1
DA:2,1
DA:3,1
DA:4,1
DA:5,1
DA:6,1
DA:7,1
DA:8,1
DA:9,1
DA:10,1
DA:11,1
DA:12,1
DA:13,1
DA:14,1
DA:15,1
DA:16,1
DA:17,1
DA:18,1
DA:19,1
DA:20,1
DA:21,1
DA:22,1
DA:23,1
DA:24,1
DA:25,1
DA:26,1
DA:27,1
DA:28,1
DA:29,1
DA:30,1
DA:31,1
DA:32,1
DA:33,1
DA:34,1
DA:35,1
DA:36,1
DA:37,1
DA:38,1
DA:39,1
DA:40,1
DA:41,1
DA:42,1
DA:43,1
DA:44,1
DA:45,1
DA:46,1
DA:47,1
DA:48,1
DA:49,1
DA:50,1
DA:51,1
DA:52,8
DA:53,8
DA:54,8
DA:55,8
DA:56,2
DA:57,2
DA:58,6
DA:59,6
DA:60,6
DA:61,6
DA:62,6
DA:63,5
DA:64,6
DA:65,6
DA:66,6
DA:67,6
DA:68,5
DA:69,4
DA:70,4
DA:71,1
DA:72,6
DA:73,6
DA:74,6
DA:75,6
DA:76,38
DA:77,32
DA:78,32
DA:79,6
DA:80,6
DA:81,6
DA:82,6
DA:83,6
DA:84,1
DA:85,1
DA:86,1
DA:87,1
DA:88,32
DA:89,32
DA:90,32
DA:91,32
DA:92,32
DA:93,32
DA:94,32
DA:95,32
DA:96,1
DA:97,1
DA:98,1
DA:99,1
DA:100,6
DA:101,6
DA:102,6
DA:103,6
DA:104,6
DA:105,6
DA:106,6
DA:107,6
DA:108,6
DA:109,6
DA:110,6
DA:111,6
DA:112,6
DA:113,6
DA:114,6
DA:115,6
DA:116,6
DA:117,6
DA:118,6
DA:119,1
DA:120,1
DA:121,1
DA:122,1
DA:123,1
DA:124,1
DA:125,1
DA:126,28
DA:127,28
DA:128,28
DA:129,28
DA:130,28
DA:131,28
DA:132,1
DA:133,1
DA:134,1
DA:135,1
DA:136,1
DA:137,1
DA:138,7
DA:139,7
DA:140,7
DA:141,7
DA:142,7
DA:143,7
DA:144,7
DA:145,7
DA:146,7
DA:147,7
DA:148,7
DA:149,7
DA:150,5
DA:151,5
DA:152,5
DA:153,5
DA:154,5
DA:155,2
DA:156,2
DA:157,2
DA:158,2
DA:159,7
DA:160,1
DA:161,1
DA:162,1
DA:163,1
DA:164,1
DA:165,1
DA:166,1
DA:167,1
DA:168,1
DA:169,1
DA:170,1
DA:171,1
DA:172,1
DA:173,2
DA:174,2
DA:175,7
DA:176,2
DA:177,2
DA:178,2
DA:179,2
DA:180,2
DA:181,2
DA:182,2
DA:183,2
DA:184,2
DA:185,2
DA:186,0
DA:187,0
DA:188,2
DA:189,2
DA:190,2
DA:191,7
DA:192,7
DA:193,7
DA:194,7
DA:195,0
DA:196,0
DA:197,0
DA:198,7
DA:199,1
DA:200,1
DA:201,1
DA:202,1
DA:203,1
DA:204,1
DA:205,3
DA:206,1
DA:207,1
DA:208,2
DA:209,2
DA:210,1
DA:211,1
DA:212,1
DA:213,1
DA:214,1
DA:215,1
DA:216,3
DA:217,1
DA:218,1
DA:219,1
DA:220,1
DA:221,1
DA:222,1
DA:223,1
DA:224,1
DA:225,1
DA:226,1
DA:227,1
DA:228,1
DA:229,1
DA:230,3
DA:231,3
DA:232,3
DA:233,3
DA:234,3
DA:235,3
DA:236,3
DA:237,1
DA:238,1
DA:239,1
DA:240,2
DA:241,2
DA:242,2
DA:243,2
DA:244,3
DA:245,1
DA:246,1
DA:247,1
DA:248,1
DA:249,1
DA:250,1
DA:251,1
DA:252,1
DA:253,1
DA:254,1
DA:255,1
DA:256,1
DA:257,1
DA:258,5
DA:259,5
DA:260,5
DA:261,5
DA:262,5
DA:263,5
DA:264,5
DA:265,3
DA:266,3
DA:267,3
DA:268,3
DA:269,2
DA:270,2
DA:271,2
DA:272,2
DA:273,2
DA:274,2
DA:275,5
DA:276,5
DA:277,5
DA:278,5
DA:279,1
DA:280,1
DA:281,2
DA:282,2
DA:283,2
DA:284,1
DA:285,1
DA:286,1
DA:287,1
DA:288,1
DA:289,1
DA:290,5
DA:291,1
DA:292,1
DA:293,1
DA:294,1
DA:295,1
DA:296,1
DA:297,1
DA:298,1
DA:299,1
DA:300,1
DA:301,1
DA:302,1
DA:303,1
DA:304,1
DA:305,1
DA:306,1
DA:307,1
DA:308,1
DA:309,1
DA:310,1
DA:311,1
DA:312,1
DA:313,1
DA:314,1
DA:315,1
DA:316,1
DA:317,1
DA:318,1
DA:319,1
DA:320,1
DA:321,1
DA:322,1
DA:323,1
DA:324,1
DA:325,1
DA:326,1
DA:327,1
DA:328,1
DA:329,1
DA:330,1
DA:331,1
DA:332,1
DA:333,1
DA:334,1
DA:335,1
DA:336,1
DA:337,1
DA:338,1
DA:339,1
DA:340,1
DA:341,1
DA:342,1
DA:343,1
LF:343
LH:338
BRDA:52,0,0,8
BRDA:55,1,0,2
BRDA:58,2,0,6
BRDA:62,3,0,5
BRDA:63,4,0,1
BRDA:63,5,0,4
BRDA:67,6,0,5
BRDA:68,7,0,4
BRDA:71,8,0,1
BRDA:75,9,0,38
BRDA:76,10,0,35
BRDA:76,11,0,32
BRDA:79,12,0,6
BRDA:88,13,0,32
BRDA:100,14,0,6
BRDA:125,15,0,28
BRDA:137,16,0,7
BRDA:138,17,0,6
BRDA:140,18,0,6
BRDA:145,19,0,6
BRDA:145,20,0,5
BRDA:146,21,0,6
BRDA:149,22,0,6
BRDA:149,23,0,5
BRDA:149,24,0,5
BRDA:155,25,0,2
BRDA:159,26,0,1
BRDA:159,27,0,2
BRDA:159,28,0,1
BRDA:164,29,0,0
BRDA:175,30,0,2
BRDA:185,31,0,0
BRDA:191,32,0,1
BRDA:194,33,0,0
BRDA:204,34,0,3
BRDA:205,35,0,2
BRDA:205,36,0,1
BRDA:208,37,0,2
BRDA:210,38,0,1
BRDA:229,39,0,3
BRDA:236,40,0,1
BRDA:240,41,0,2
BRDA:257,42,0,5
BRDA:260,43,0,1
BRDA:264,44,0,2
BRDA:264,45,0,3
BRDA:266,46,0,0
BRDA:269,47,0,2
BRDA:275,48,0,1
BRDA:278,49,0,2
BRDA:278,50,0,1
BRDA:284,51,0,1
BRDA:295,52,0,1
BRDA:304,53,0,0
BRDA:305,54,0,0
BRDA:308,55,0,0
BRDA:317,56,0,1
BRDA:326,57,0,0
BRDA:327,58,0,0
BRDA:330,59,0,0
BRDA:331,60,0,0
BRF:61
BRH:50
end_of_record
TN:
SF:../../../issara-doctor/backend/socketEvents.cjs
FNF:0
FNH:0
DA:1,1
DA:2,1
DA:3,1
DA:4,1
DA:5,1
DA:6,1
DA:7,1
DA:8,1
DA:9,1
DA:10,1
DA:11,1
DA:12,1
DA:13,1
DA:14,1
DA:15,1
DA:16,1
DA:17,1
DA:18,1
DA:19,1
DA:20,1
DA:21,1
DA:22,1
DA:23,1
DA:24,1
DA:25,1
DA:26,1
DA:27,1
DA:28,1
DA:29,1
DA:30,1
DA:31,1
DA:32,1
DA:33,1
DA:34,1
DA:35,1
DA:36,1
DA:37,1
DA:38,1
DA:39,1
DA:40,1
DA:41,1
DA:42,1
DA:43,1
DA:44,1
DA:45,1
DA:46,1
DA:47,1
LF:47
LH:47
BRF:0
BRH:0
end_of_record
TN:
SF:../../../issara-doctor/backend/socketRedisAdapter.cjs
FN:5,attachRedisAdapter
FNF:1
FNH:1
FNDA:3,attachRedisAdapter
DA:1,1
DA:2,1
DA:3,1
DA:4,1
DA:5,3
DA:6,3
DA:7,3
DA:8,1
DA:9,1
DA:10,1
DA:11,2
DA:12,2
DA:13,2
DA:14,2
DA:15,2
DA:16,2
DA:17,1
DA:18,1
DA:19,1
DA:20,1
DA:21,1
DA:22,1
DA:23,1
DA:24,3
DA:25,1
DA:26,1
LF:26
LH:26
BRDA:5,0,0,3
BRDA:6,1,0,1
BRDA:7,2,0,1
BRDA:11,3,0,2
BRDA:17,4,0,1
BRF:5
BRH:5
end_of_record
TN:
SF:../../../issara-doctor/backend/security/owasp-middleware.cjs
FN:30,checkPermission
FN:34,checkPermission
FN:53,verifyResourceOwnership
FN:65,verifyResourceOwnership
FN:102,securityHeaders
FN:109,securityHeaders
FN:143,strictCors
FN:156,strictCors
FN:190,validatePassword
FN:198,validatePassword
FN:232,generateSecureToken
FN:240,hashData
FN:246,generateSecureToken
FN:253,hashData
FN:253,encryptData
FN:261,encryptData
FN:270,decryptData
FN:284,decryptData
FN:319,sanitizeInput
FN:329,sanitizeInput
FN:352,sanitizeRequestBody
FN:365,sanitizeRequestBody
FN:399,isValidEmail
FN:414,isValidEmail
FN:414,isValidPhone
FN:422,isValidPhone
FN:428,rateLimit
FN:436,rateLimit
FN:481,resetRateLimits
FN:494,resetRateLimits
FN:497,trackLoginAttempt
FN:506,trackLoginAttempt
FN:532,isAccountLocked
FN:541,isAccountLocked
FN:552,validateSession
FN:562,validateSession
FN:625,verifyRequestIntegrity
FN:631,verifyRequestIntegrity
FN:671,generateRequestSignature
FN:684,generateRequestSignature
FN:691,securityAuditLog
FN:700,securityAuditLog
FN:727,flushAuditLog
FN:736,flushAuditLog
FN:763,triggerSecurityAlert
FN:773,triggerSecurityAlert
FN:775,requestLogger
FN:787,requestLogger
FN:831,secureErrorHandler
FN:837,secureErrorHandler
FN:881,asyncHandler
FN:890,safeJsonParse
FN:892,asyncHandler
FN:901,safeJsonParse
FN:909,getClientIP
FN:916,getClientIP
FN:917,maskSensitiveData
FN:927,maskSensitiveData
FN:935,generateCSRFToken
FN:948,generateCSRFToken
FN:948,validateCSRFToken
FN:957,validateCSRFToken
FNF:62
FNH:3
FNDA:0,checkPermission
FNDA:0,checkPermission
FNDA:0,verifyResourceOwnership
FNDA:0,verifyResourceOwnership
FNDA:0,securityHeaders
FNDA:0,securityHeaders
FNDA:0,strictCors
FNDA:0,strictCors
FNDA:0,validatePassword
FNDA:3,validatePassword
FNDA:0,generateSecureToken
FNDA:0,hashData
FNDA:0,generateSecureToken
FNDA:0,hashData
FNDA:0,encryptData
FNDA:0,encryptData
FNDA:0,decryptData
FNDA:0,decryptData
FNDA:3,sanitizeInput
FNDA:0,sanitizeInput
FNDA:5,sanitizeRequestBody
FNDA:0,sanitizeRequestBody
FNDA:0,isValidEmail
FNDA:0,isValidEmail
FNDA:0,isValidPhone
FNDA:0,isValidPhone
FNDA:0,rateLimit
FNDA:0,rateLimit
FNDA:0,resetRateLimits
FNDA:0,resetRateLimits
FNDA:0,trackLoginAttempt
FNDA:0,trackLoginAttempt
FNDA:0,isAccountLocked
FNDA:0,isAccountLocked
FNDA:0,validateSession
FNDA:0,validateSession
FNDA:0,verifyRequestIntegrity
FNDA:0,verifyRequestIntegrity
FNDA:0,generateRequestSignature
FNDA:0,generateRequestSignature
FNDA:0,securityAuditLog
FNDA:0,securityAuditLog
FNDA:0,flushAuditLog
FNDA:0,flushAuditLog
FNDA:0,triggerSecurityAlert
FNDA:0,triggerSecurityAlert
FNDA:0,requestLogger
FNDA:0,requestLogger
FNDA:0,secureErrorHandler
FNDA:0,secureErrorHandler
FNDA:0,asyncHandler
FNDA:0,safeJsonParse
FNDA:0,asyncHandler
FNDA:0,safeJsonParse
FNDA:0,getClientIP
FNDA:0,getClientIP
FNDA:0,maskSensitiveData
FNDA:0,maskSensitiveData
FNDA:0,generateCSRFToken
FNDA:0,generateCSRFToken
FNDA:0,validateCSRFToken
FNDA:0,validateCSRFToken
DA:1,1
DA:2,1
DA:3,1
DA:4,1
DA:5,1
DA:6,1
DA:7,1
DA:8,1
DA:9,1
DA:10,1
DA:11,1
DA:12,1
DA:13,1
DA:14,1
DA:15,1
DA:16,1
DA:17,1
DA:18,1
DA:19,1
DA:20,1
DA:21,1
DA:22,1
DA:23,1
DA:24,1
DA:25,1
DA:26,1
DA:27,1
DA:28,1
DA:29,1
DA:30,1
DA:31,0
DA:32,0
DA:33,0
DA:34,0
DA:35,0
DA:36,0
DA:37,0
DA:38,0
DA:39,0
DA:40,0
DA:41,0
DA:42,0
DA:43,0
DA:44,0
DA:45,0
DA:46,0
DA:47,0
DA:48,0
DA:49,0
DA:50,0
DA:51,0
DA:52,0
DA:53,0
DA:54,0
DA:55,0
DA:56,0
DA:57,0
DA:58,0
DA:59,0
DA:60,0
DA:61,0
DA:62,0
DA:63,0
DA:64,0
DA:65,0
DA:66,0
DA:67,0
DA:68,0
DA:69,0
DA:70,0
DA:71,0
DA:72,0
DA:73,0
DA:74,0
DA:75,0
DA:76,0
DA:77,0
DA:78,0
DA:79,0
DA:80,0
DA:81,0
DA:82,0
DA:83,0
DA:84,0
DA:85,0
DA:86,0
DA:87,0
DA:88,0
DA:89,0
DA:90,0
DA:91,0
DA:92,0
DA:93,0
DA:94,0
DA:95,0
DA:96,0
DA:97,0
DA:98,0
DA:99,0
DA:100,0
DA:101,1
DA:102,1
DA:103,0
DA:104,0
DA:105,0
DA:106,0
DA:107,0
DA:108,0
DA:109,0
DA:110,0
DA:111,0
DA:112,0
DA:113,0
DA:114,0
DA:115,0
DA:116,0
DA:117,0
DA:118,0
DA:119,0
DA:120,0
DA:121,0
DA:122,0
DA:123,0
DA:124,0
DA:125,0
DA:126,0
DA:127,0
DA:128,0
DA:129,0
DA:130,0
DA:131,0
DA:132,0
DA:133,0
DA:134,0
DA:135,0
DA:136,0
DA:137,0
DA:138,0
DA:139,0
DA:140,0
DA:141,0
DA:142,0
DA:143,0
DA:144,0
DA:145,0
DA:146,0
DA:147,0
DA:148,0
DA:149,0
DA:150,0
DA:151,0
DA:152,0
DA:153,0
DA:154,0
DA:155,0
DA:156,0
DA:157,0
DA:158,0
DA:159,0
DA:160,0
DA:161,0
DA:162,0
DA:163,0
DA:164,0
DA:165,0
DA:166,0
DA:167,0
DA:168,0
DA:169,0
DA:170,0
DA:171,0
DA:172,0
DA:173,0
DA:174,0
DA:175,1
DA:176,1
DA:177,1
DA:178,1
DA:179,1
DA:180,1
DA:181,1
DA:182,1
DA:183,1
DA:184,1
DA:185,1
DA:186,1
DA:187,1
DA:188,1
DA:189,1
DA:190,1
DA:191,0
DA:192,0
DA:193,0
DA:194,0
DA:195,0
DA:196,0
DA:197,0
DA:198,3
DA:199,3
DA:200,3
DA:201,3
DA:202,1
DA:203,1
DA:204,3
DA:205,3
DA:206,1
DA:207,1
DA:208,3
DA:209,3
DA:210,0
DA:211,0
DA:212,3
DA:213,3
DA:214,0
DA:215,0
DA:216,3
DA:217,3
DA:218,0
DA:219,0
DA:220,3
DA:221,3
DA:222,3
DA:223,3
DA:224,3
DA:225,0
DA:226,0
DA:227,3
DA:228,3
DA:229,3
DA:230,3
DA:231,3
DA:232,3
DA:233,0
DA:234,0
DA:235,0
DA:236,0
DA:237,0
DA:238,3
DA:239,3
DA:240,0
DA:241,0
DA:242,0
DA:243,0
DA:244,0
DA:245,0
DA:246,0
DA:247,0
DA:248,0
DA:249,0
DA:250,0
DA:251,0
DA:252,1
DA:253,0
DA:254,0
DA:255,0
DA:256,0
DA:257,0
DA:258,0
DA:259,0
DA:260,0
DA:261,0
DA:262,0
DA:263,0
DA:264,0
DA:265,0
DA:266,0
DA:267,0
DA:268,0
DA:269,0
DA:270,0
DA:271,0
DA:272,0
DA:273,0
DA:274,0
DA:275,0
DA:276,0
DA:277,0
DA:278,0
DA:279,0
DA:280,0
DA:281,0
DA:282,0
DA:283,0
DA:284,0
DA:285,0
DA:286,0
DA:287,0
DA:288,0
DA:289,0
DA:290,0
DA:291,0
DA:292,0
DA:293,0
DA:294,0
DA:295,0
DA:296,0
DA:297,0
DA:298,0
DA:299,0
DA:300,0
DA:301,0
DA:302,0
DA:303,0
DA:304,0
DA:305,1
DA:306,1
DA:307,1
DA:308,1
DA:309,1
DA:310,1
DA:311,1
DA:312,1
DA:313,1
DA:314,1
DA:315,1
DA:316,1
DA:317,1
DA:318,1
DA:319,1
DA:320,3
DA:321,3
DA:322,3
DA:323,3
DA:324,3
DA:325,3
DA:326,3
DA:327,3
DA:328,3
DA:329,0
DA:330,0
DA:331,0
DA:332,0
DA:333,0
DA:334,0
DA:335,0
DA:336,0
DA:337,0
DA:338,0
DA:339,0
DA:340,0
DA:341,0
DA:342,0
DA:343,0
DA:344,0
DA:345,0
DA:346,0
DA:347,1
DA:348,1
DA:349,1
DA:350,1
DA:351,1
DA:352,1
DA:353,5
DA:354,5
DA:355,3
DA:356,3
DA:357,3
DA:358,3
DA:359,3
DA:360,3
DA:361,3
DA:362,3
DA:363,3
DA:364,3
DA:365,0
DA:366,0
DA:367,0
DA:368,0
DA:369,0
DA:370,0
DA:371,0
DA:372,0
DA:373,0
DA:374,0
DA:375,0
DA:376,0
DA:377,0
DA:378,0
DA:379,0
DA:380,0
DA:381,0
DA:382,0
DA:383,0
DA:384,0
DA:385,0
DA:386,0
DA:387,0
DA:388,0
DA:389,0
DA:390,0
DA:391,0
DA:392,0
DA:393,0
DA:394,0
DA:395,0
DA:396,0
DA:397,0
DA:398,0
DA:399,0
DA:400,0
DA:401,0
DA:402,0
DA:403,0
DA:404,0
DA:405,0
DA:406,0
DA:407,0
DA:408,0
DA:409,0
DA:410,0
DA:411,0
DA:412,1
DA:413,1
DA:414,0
DA:415,0
DA:416,0
DA:417,0
DA:418,1
DA:419,1
DA:420,1
DA:421,1
DA:422,0
DA:423,0
DA:424,0
DA:425,0
DA:426,1
DA:427,1
DA:428,1
DA:429,0
DA:430,0
DA:431,0
DA:432,0
DA:433,0
DA:434,0
DA:435,0
DA:436,0
DA:437,0
DA:438,0
DA:439,0
DA:440,0
DA:441,0
DA:442,0
DA:443,0
DA:444,0
DA:445,0
DA:446,0
DA:447,0
DA:448,0
DA:449,0
DA:450,0
DA:451,0
DA:452,0
DA:453,0
DA:454,0
DA:455,0
DA:456,0
DA:457,0
DA:458,0
DA:459,0
DA:460,0
DA:461,0
DA:462,0
DA:463,0
DA:464,0
DA:465,0
DA:466,0
DA:467,0
DA:468,0
DA:469,0
DA:470,0
DA:471,0
DA:472,0
DA:473,0
DA:474,0
DA:475,0
DA:476,0
DA:477,0
DA:478,0
DA:479,0
DA:480,0
DA:481,0
DA:482,0
DA:483,0
DA:484,0
DA:485,0
DA:486,0
DA:487,0
DA:488,0
DA:489,0
DA:490,0
DA:491,0
DA:492,0
DA:493,0
DA:494,0
DA:495,0
DA:496,0
DA:497,0
DA:498,0
DA:499,0
DA:500,0
DA:501,0
DA:502,0
DA:503,0
DA:504,0
DA:505,0
DA:506,0
DA:507,0
DA:508,0
DA:509,0
DA:510,0
DA:511,0
DA:512,0
DA:513,0
DA:514,0
DA:515,0
DA:516,0
DA:517,0
DA:518,0
DA:519,0
DA:520,0
DA:521,0
DA:522,0
DA:523,0
DA:524,0
DA:525,0
DA:526,0
DA:527,0
DA:528,0
DA:529,0
DA:530,0
DA:531,0
DA:532,0
DA:533,0
DA:534,0
DA:535,0
DA:536,0
DA:537,0
DA:538,0
DA:539,0
DA:540,0
DA:541,0
DA:542,0
DA:543,0
DA:544,0
DA:545,0
DA:546,0
DA:547,0
DA:548,0
DA:549,0
DA:550,0
DA:551,0
DA:552,0
DA:553,0
DA:554,0
DA:555,0
DA:556,0
DA:557,0
DA:558,0
DA:559,0
DA:560,0
DA:561,0
DA:562,0
DA:563,0
DA:564,0
DA:565,0
DA:566,0
DA:567,0
DA:568,0
DA:569,0
DA:570,0
DA:571,0
DA:572,0
DA:573,0
DA:574,0
DA:575,0
DA:576,0
DA:577,0
DA:578,0
DA:579,0
DA:580,0
DA:581,0
DA:582,0
DA:583,0
DA:584,0
DA:585,0
DA:586,0
DA:587,0
DA:588,0
DA:589,0
DA:590,0
DA:591,0
DA:592,0
DA:593,0
DA:594,0
DA:595,0
DA:596,0
DA:597,0
DA:598,0
DA:599,0
DA:600,0
DA:601,0
DA:602,0
DA:603,0
DA:604,0
DA:605,0
DA:606,0
DA:607,0
DA:608,0
DA:609,0
DA:610,0
DA:611,0
DA:612,0
DA:613,0
DA:614,0
DA:615,0
DA:616,0
DA:617,0
DA:618,0
DA:619,0
DA:620,0
DA:621,0
DA:622,0
DA:623,1
DA:624,1
DA:625,0
DA:626,0
DA:627,0
DA:628,0
DA:629,0
DA:630,0
DA:631,0
DA:632,0
DA:633,0
DA:634,0
DA:635,0
DA:636,0
DA:637,0
DA:638,0
DA:639,0
DA:640,0
DA:641,0
DA:642,0
DA:643,0
DA:644,0
DA:645,0
DA:646,0
DA:647,0
DA:648,0
DA:649,0
DA:650,0
DA:651,0
DA:652,0
DA:653,0
DA:654,0
DA:655,0
DA:656,0
DA:657,0
DA:658,0
DA:659,0
DA:660,0
DA:661,0
DA:662,0
DA:663,0
DA:664,0
DA:665,0
DA:666,0
DA:667,0
DA:668,0
DA:669,0
DA:670,0
DA:671,0
DA:672,0
DA:673,0
DA:674,0
DA:675,0
DA:676,0
DA:677,0
DA:678,0
DA:679,0
DA:680,0
DA:681,0
DA:682,0
DA:683,0
DA:684,0
DA:685,0
DA:686,0
DA:687,0
DA:688,1
DA:689,1
DA:690,1
DA:691,1
DA:692,0
DA:693,0
DA:694,0
DA:695,0
DA:696,0
DA:697,0
DA:698,0
DA:699,0
DA:700,0
DA:701,0
DA:702,0
DA:703,0
DA:704,0
DA:705,0
DA:706,0
DA:707,0
DA:708,0
DA:709,0
DA:710,0
DA:711,0
DA:712,0
DA:713,0
DA:714,0
DA:715,0
DA:716,0
DA:717,0
DA:718,0
DA:719,0
DA:720,0
DA:721,0
DA:722,0
DA:723,0
DA:724,0
DA:725,0
DA:726,0
DA:727,0
DA:728,0
DA:729,0
DA:730,0
DA:731,0
DA:732,0
DA:733,0
DA:734,0
DA:735,0
DA:736,0
DA:737,0
DA:738,0
DA:739,0
DA:740,0
DA:741,0
DA:742,0
DA:743,0
DA:744,0
DA:745,0
DA:746,0
DA:747,0
DA:748,0
DA:749,0
DA:750,0
DA:751,0
DA:752,0
DA:753,0
DA:754,0
DA:755,0
DA:756,0
DA:757,0
DA:758,0
DA:759,0
DA:760,0
DA:761,0
DA:762,0
DA:763,0
DA:764,0
DA:765,0
DA:766,0
DA:767,0
DA:768,0
DA:769,0
DA:770,0
DA:771,0
DA:772,0
DA:773,0
DA:774,0
DA:775,0
DA:776,0
DA:777,0
DA:778,0
DA:779,0
DA:780,0
DA:781,0
DA:782,0
DA:783,0
DA:784,0
DA:785,0
DA:786,0
DA:787,0
DA:788,0
DA:789,0
DA:790,0
DA:791,0
DA:792,0
DA:793,0
DA:794,0
DA:795,0
DA:796,0
DA:797,0
DA:798,0
DA:799,0
DA:800,0
DA:801,0
DA:802,0
DA:803,0
DA:804,0
DA:805,0
DA:806,0
DA:807,0
DA:808,0
DA:809,0
DA:810,0
DA:811,0
DA:812,0
DA:813,0
DA:814,0
DA:815,0
DA:816,0
DA:817,0
DA:818,0
DA:819,0
DA:820,0
DA:821,0
DA:822,0
DA:823,0
DA:824,0
DA:825,0
DA:826,0
DA:827,0
DA:828,0
DA:829,1
DA:830,1
DA:831,1
DA:832,0
DA:833,0
DA:834,0
DA:835,0
DA:836,0
DA:837,0
DA:838,0
DA:839,0
DA:840,0
DA:841,0
DA:842,0
DA:843,0
DA:844,0
DA:845,0
DA:846,0
DA:847,0
DA:848,0
DA:849,0
DA:850,0
DA:851,0
DA:852,0
DA:853,0
DA:854,0
DA:855,0
DA:856,0
DA:857,0
DA:858,0
DA:859,0
DA:860,0
DA:861,0
DA:862,0
DA:863,0
DA:864,0
DA:865,0
DA:866,0
DA:867,0
DA:868,0
DA:869,0
DA:870,0
DA:871,0
DA:872,0
DA:873,0
DA:874,0
DA:875,0
DA:876,0
DA:877,0
DA:878,0
DA:879,0
DA:880,0
DA:881,0
DA:882,0
DA:883,0
DA:884,0
DA:885,0
DA:886,0
DA:887,0
DA:888,1
DA:889,1
DA:890,1
DA:891,0
DA:892,0
DA:893,0
DA:894,0
DA:895,0
DA:896,0
DA:897,1
DA:898,1
DA:899,1
DA:900,1
DA:901,0
DA:902,0
DA:903,0
DA:904,0
DA:905,0
DA:906,0
DA:907,0
DA:908,1
DA:909,1
DA:910,0
DA:911,0
DA:912,0
DA:913,0
DA:914,0
DA:915,0
DA:916,0
DA:917,0
DA:918,0
DA:919,0
DA:920,0
DA:921,0
DA:922,0
DA:923,0
DA:924,0
DA:925,0
DA:926,0
DA:927,0
DA:928,0
DA:929,0
DA:930,0
DA:931,0
DA:932,0
DA:933,0
DA:934,0
DA:935,0
DA:936,0
DA:937,0
DA:938,0
DA:939,0
DA:940,0
DA:941,0
DA:942,0
DA:943,0
DA:944,0
DA:945,0
DA:946,0
DA:947,0
DA:948,0
DA:949,0
DA:950,0
DA:951,0
DA:952,0
DA:953,0
DA:954,0
DA:955,0
DA:956,0
DA:957,0
DA:958,0
DA:959,0
DA:960,0
DA:961,0
DA:962,0
DA:963,0
DA:964,0
DA:965,0
DA:966,0
DA:967,0
DA:968,0
DA:969,0
DA:970,0
DA:971,0
DA:972,0
DA:973,0
DA:974,0
DA:975,0
DA:976,0
DA:977,1
DA:978,1
DA:979,1
DA:980,1
DA:981,1
DA:982,1
DA:983,1
DA:984,1
DA:985,1
DA:986,1
DA:987,1
DA:988,1
DA:989,1
DA:990,1
DA:991,1
DA:992,1
DA:993,1
DA:994,1
DA:995,1
DA:996,1
DA:997,1
DA:998,1
DA:999,1
DA:1000,1
DA:1001,1
DA:1002,1
DA:1003,1
DA:1004,1
DA:1005,1
DA:1006,1
DA:1007,1
DA:1008,1
DA:1009,1
DA:1010,1
DA:1011,1
DA:1012,1
DA:1013,1
DA:1014,1
DA:1015,1
DA:1016,1
DA:1017,1
DA:1018,1
DA:1019,1
DA:1020,1
DA:1021,1
DA:1022,1
DA:1023,1
DA:1024,1
DA:1025,1
DA:1026,1
DA:1027,1
DA:1028,1
DA:1029,1
DA:1030,1
DA:1031,1
DA:1032,1
DA:1033,1
LF:1033
LH:204
BRDA:1,0,0,1
BRDA:198,1,0,3
BRDA:201,2,0,1
BRDA:205,3,0,1
BRDA:209,4,0,0
BRDA:213,5,0,0
BRDA:217,6,0,0
BRDA:224,7,0,0
BRDA:232,8,0,0
BRDA:232,9,0,30
BRDA:319,10,0,3
BRDA:321,11,0,0
BRDA:352,12,0,5
BRDA:354,13,0,3
BRDA:365,14,0,12
BRDA:367,15,0,0
BRDA:368,16,0,0
BRDA:372,17,0,9
BRDA:376,18,0,3
BRDA:379,19,0,15
BRDA:380,20,0,0
BRDA:392,21,0,3
BRDA:394,22,0,0
BRF:23
BRH:13
end_of_record
TN:
SF:../../../issara-doctor/frontend/services/aiClinicalCopilot.ts
FN:102,<instance_members_initializer>
FN:111,getModel
FN:135,_getSystemInstruction
FN:142,isAIAvailable
FN:149,initialize
FN:160,chat
FN:240,getQuickSuggestions
FN:277,checkDrugInteractions
FN:323,buildContextPrompt
FN:347,getFallbackResponse
FN:382,determineMessageType
FN:393,getHistory
FN:397,reset
FN:408,<instance_members_initializer>
FN:411,getModel
FN:429,summarizeMeeting
FN:510,quickSummary
FN:536,getDefaultSummary
FN:558,<instance_members_initializer>
FN:561,getModel
FN:579,generateEMRContent
FN:642,generatePrescription
FN:664,generateDischargeSummary
FN:701,getDefaultEMR
FN:713,getDefaultDischargeSummary
FN:741,formatFollowUpMessage
FN:763,chat
FN:767,summarize
FN:771,generateEMR
FN:775,checkDrugInteractions
FNF:30
FNH:22
FNDA:5,<instance_members_initializer>
FNDA:3,getModel
FNDA:0,_getSystemInstruction
FNDA:1,isAIAvailable
FNDA:1,initialize
FNDA:1,chat
FNDA:2,getQuickSuggestions
FNDA:2,checkDrugInteractions
FNDA:0,buildContextPrompt
FNDA:1,getFallbackResponse
FNDA:0,determineMessageType
FNDA:2,getHistory
FNDA:1,reset
FNDA:5,<instance_members_initializer>
FNDA:1,getModel
FNDA:1,summarizeMeeting
FNDA:1,quickSummary
FNDA:1,getDefaultSummary
FNDA:5,<instance_members_initializer>
FNDA:1,getModel
FNDA:1,generateEMRContent
FNDA:1,generatePrescription
FNDA:0,generateDischargeSummary
FNDA:1,getDefaultEMR
FNDA:0,getDefaultDischargeSummary
FNDA:0,formatFollowUpMessage
FNDA:0,chat
FNDA:1,summarize
FNDA:0,generateEMR
FNDA:1,checkDrugInteractions
DA:1,1
DA:20,1
DA:21,1
DA:24,1
DA:25,1
DA:27,1
DA:28,0
DA:29,0
DA:30,0
DA:31,0
DA:32,0
DA:33,0
DA:34,0
DA:35,1
DA:36,1
DA:37,1
DA:40,1
DA:41,1
DA:42,1
DA:43,1
DA:44,1
DA:60,1
DA:61,1
DA:62,1
DA:63,1
DA:64,1
DA:65,1
DA:66,1
DA:67,1
DA:68,1
DA:69,1
DA:70,1
DA:71,1
DA:72,1
DA:73,1
DA:74,1
DA:75,1
DA:76,1
DA:102,5
DA:103,5
DA:104,5
DA:105,5
DA:106,5
DA:111,5
DA:112,3
DA:114,0
DA:115,0
DA:116,0
DA:117,0
DA:119,0
DA:120,0
DA:121,0
DA:122,0
DA:123,0
DA:124,0
DA:125,0
DA:126,0
DA:128,0
DA:129,0
DA:130,3
DA:135,5
DA:136,0
DA:137,0
DA:142,5
DA:143,1
DA:144,1
DA:149,5
DA:150,1
DA:151,1
DA:152,1
DA:154,1
DA:155,1
DA:160,5
DA:161,1
DA:164,1
DA:165,1
DA:166,1
DA:167,1
DA:168,1
DA:169,1
DA:170,1
DA:172,1
DA:174,1
DA:176,1
DA:177,1
DA:178,1
DA:179,1
DA:180,1
DA:181,1
DA:182,1
DA:183,1
DA:184,1
DA:185,1
DA:186,1
DA:187,1
DA:188,1
DA:189,1
DA:191,0
DA:192,0
DA:193,0
DA:194,0
DA:195,0
DA:197,0
DA:200,0
DA:204,0
DA:205,0
DA:207,0
DA:208,0
DA:209,0
DA:210,0
DA:211,0
DA:212,0
DA:213,0
DA:214,0
DA:215,0
DA:216,1
DA:217,1
DA:219,1
DA:220,1
DA:222,1
DA:223,0
DA:224,0
DA:225,0
DA:226,0
DA:227,0
DA:228,0
DA:229,0
DA:230,0
DA:231,0
DA:232,0
DA:233,0
DA:234,0
DA:235,1
DA:240,5
DA:241,2
DA:243,1
DA:245,1
DA:247,1
DA:248,1
DA:249,1
DA:250,1
DA:251,1
DA:252,1
DA:254,0
DA:255,0
DA:261,0
DA:262,0
DA:263,0
DA:264,0
DA:265,0
DA:267,0
DA:268,0
DA:269,0
DA:270,0
DA:271,0
DA:272,2
DA:277,5
DA:280,2
DA:281,2
DA:282,1
DA:283,1
DA:285,1
DA:287,1
DA:288,1
DA:289,1
DA:290,1
DA:291,1
DA:292,1
DA:294,0
DA:295,0
DA:307,0
DA:308,0
DA:309,0
DA:310,0
DA:311,0
DA:313,0
DA:314,0
DA:315,0
DA:316,0
DA:317,0
DA:318,2
DA:323,5
DA:324,0
DA:326,0
DA:327,0
DA:328,0
DA:329,0
DA:330,0
DA:331,0
DA:332,0
DA:333,0
DA:334,0
DA:335,0
DA:337,0
DA:338,0
DA:339,0
DA:341,0
DA:342,0
DA:347,5
DA:348,1
DA:350,1
DA:351,1
DA:359,1
DA:361,1
DA:362,0
DA:371,0
DA:373,0
DA:380,1
DA:382,5
DA:383,0
DA:384,0
DA:385,0
DA:386,0
DA:387,0
DA:388,0
DA:389,0
DA:390,0
DA:391,0
DA:393,5
DA:394,2
DA:395,2
DA:397,5
DA:398,1
DA:399,1
DA:400,1
DA:401,1
DA:402,5
DA:408,5
DA:409,5
DA:411,5
DA:412,1
DA:413,1
DA:415,0
DA:416,0
DA:417,0
DA:418,0
DA:419,0
DA:420,0
DA:421,0
DA:423,0
DA:424,1
DA:429,5
DA:430,1
DA:431,1
DA:432,1
DA:433,1
DA:434,1
DA:436,1
DA:437,1
DA:438,1
DA:440,0
DA:441,0
DA:444,0
DA:446,0
DA:447,0
DA:448,1
DA:450,1
DA:476,1
DA:477,0
DA:478,0
DA:479,0
DA:480,0
DA:482,0
DA:484,0
DA:485,0
DA:486,0
DA:487,0
DA:488,1
DA:489,1
DA:490,1
DA:491,1
DA:492,1
DA:493,1
DA:494,1
DA:495,1
DA:496,1
DA:497,1
DA:498,1
DA:499,1
DA:501,1
DA:502,0
DA:503,0
DA:504,0
DA:505,1
DA:510,5
DA:511,1
DA:512,1
DA:513,1
DA:515,0
DA:516,0
DA:517,0
DA:518,0
DA:520,0
DA:521,0
DA:523,0
DA:525,0
DA:527,0
DA:528,0
DA:530,0
DA:531,0
DA:532,0
DA:533,0
DA:534,1
DA:536,5
DA:537,1
DA:538,1
DA:539,1
DA:540,1
DA:541,1
DA:542,1
DA:543,1
DA:544,1
DA:545,1
DA:546,1
DA:547,1
DA:548,1
DA:549,1
DA:550,1
DA:551,1
DA:552,5
DA:558,5
DA:559,5
DA:561,5
DA:562,1
DA:563,1
DA:565,0
DA:566,0
DA:567,0
DA:568,0
DA:569,0
DA:570,0
DA:571,0
DA:573,0
DA:574,1
DA:579,5
DA:580,1
DA:581,1
DA:582,1
DA:583,1
DA:585,1
DA:586,1
DA:587,1
DA:589,0
DA:590,0
DA:593,0
DA:594,0
DA:595,1
DA:596,1
DA:598,1
DA:616,1
DA:617,0
DA:618,0
DA:619,0
DA:620,0
DA:622,0
DA:624,0
DA:625,0
DA:626,1
DA:627,1
DA:628,1
DA:629,1
DA:630,1
DA:631,1
DA:633,1
DA:634,0
DA:635,0
DA:636,0
DA:637,1
DA:642,5
DA:643,1
DA:644,1
DA:645,1
DA:646,1
DA:647,0
DA:648,0
DA:650,1
DA:651,1
DA:652,1
DA:653,1
DA:654,1
DA:655,1
DA:656,1
DA:657,1
DA:658,1
DA:659,1
DA:664,5
DA:665,0
DA:666,0
DA:667,0
DA:668,0
DA:670,0
DA:671,0
DA:672,0
DA:674,0
DA:675,0
DA:678,0
DA:679,0
DA:680,0
DA:681,0
DA:682,0
DA:683,0
DA:692,0
DA:693,0
DA:695,0
DA:696,0
DA:697,0
DA:698,0
DA:699,0
DA:701,5
DA:702,1
DA:703,1
DA:704,1
DA:705,1
DA:706,1
DA:707,1
DA:708,1
DA:709,0
DA:710,1
DA:711,1
DA:713,5
DA:714,0
DA:717,0
DA:719,0
DA:722,0
DA:724,0
DA:726,0
DA:727,0
DA:730,0
DA:732,0
DA:735,0
DA:736,0
DA:741,5
DA:742,0
DA:743,0
DA:744,0
DA:745,0
DA:746,5
DA:752,1
DA:753,1
DA:754,1
DA:757,1
DA:758,1
DA:759,1
DA:760,1
DA:763,1
DA:764,0
DA:765,0
DA:767,1
DA:768,1
DA:769,1
DA:771,1
DA:772,0
DA:773,0
DA:775,1
DA:776,1
DA:777,1
DA:778,1
DA:780,1
LF:458
LH:248
BRDA:27,0,0,0
BRDA:27,1,0,0
BRDA:27,2,0,0
BRDA:27,3,0,0
BRDA:102,4,0,5
BRDA:111,5,0,3
BRDA:112,6,0,0
BRDA:112,7,0,0
BRDA:142,8,0,1
BRDA:149,9,0,1
BRDA:160,10,0,1
BRDA:189,11,0,0
BRDA:222,12,0,0
BRDA:240,13,0,2
BRDA:241,14,0,1
BRDA:252,15,0,0
BRDA:277,16,0,2
BRDA:281,17,0,1
BRDA:292,18,0,0
BRDA:347,19,0,1
BRDA:350,20,0,0
BRDA:359,21,0,0
BRDA:361,22,0,0
BRDA:393,23,0,2
BRDA:397,24,0,1
BRDA:408,25,0,5
BRDA:411,26,0,1
BRDA:412,27,0,0
BRDA:413,28,0,0
BRDA:413,29,0,0
BRDA:429,30,0,1
BRDA:438,31,0,0
BRDA:448,32,0,0
BRDA:450,33,0,0
BRDA:450,34,0,0
BRDA:450,35,0,0
BRDA:476,36,0,0
BRDA:488,37,0,0
BRDA:488,38,0,0
BRDA:490,39,0,0
BRDA:491,40,0,0
BRDA:492,41,0,0
BRDA:493,42,0,0
BRDA:495,43,0,0
BRDA:496,44,0,0
BRDA:498,45,0,0
BRDA:501,46,0,0
BRDA:510,47,0,1
BRDA:511,48,0,0
BRDA:513,49,0,0
BRDA:536,50,0,1
BRDA:558,51,0,5
BRDA:561,52,0,1
BRDA:562,53,0,0
BRDA:563,54,0,0
BRDA:563,55,0,0
BRDA:579,56,0,1
BRDA:587,57,0,0
BRDA:598,58,0,0
BRDA:598,59,0,0
BRDA:616,60,0,0
BRDA:626,61,0,0
BRDA:627,62,0,0
BRDA:627,63,0,0
BRDA:628,64,0,0
BRDA:629,65,0,0
BRDA:630,66,0,0
BRDA:633,67,0,0
BRDA:642,68,0,1
BRDA:646,69,0,0
BRDA:650,70,0,1
BRDA:701,71,0,1
BRDA:708,72,0,0
BRDA:767,73,0,1
BRDA:775,74,0,1
BRF:75
BRH:25
end_of_record
TN:
SF:../../../issara-doctor/frontend/services/clinicalDataService.ts
FN:40,isCacheValid
FN:51,loadMockData
FN:119,clearMockDataCache
FN:130,saveMockData
FN:176,addMockDataRecord
FN:186,updateMockDataRecord
FN:207,deleteMockDataRecord
FN:224,getDoctors
FN:228,getPatients
FN:232,getAppointments
FN:236,getEMRs
FN:240,getPrescriptions
FN:244,getLabOrders
FN:248,getImagingOrders
FN:252,getQueue
FN:256,getMedications
FN:260,getLabTests
FN:268,getPatientEMRs
FN:273,getDoctorAppointments
FN:288,getTodayAppointments
FN:298,getPatientPrescriptions
FN:303,getPatientLabOrders
FN:308,getPatientImagingOrders
FN:317,searchPatients
FN:331,searchMedications
FNF:25
FNH:21
FNDA:4,isCacheValid
FNDA:18,loadMockData
FNDA:1,clearMockDataCache
FNDA:4,saveMockData
FNDA:0,addMockDataRecord
FNDA:2,updateMockDataRecord
FNDA:1,deleteMockDataRecord
FNDA:6,getDoctors
FNDA:2,getPatients
FNDA:1,getAppointments
FNDA:1,getEMRs
FNDA:1,getPrescriptions
FNDA:2,getLabOrders
FNDA:1,getImagingOrders
FNDA:0,getQueue
FNDA:1,getMedications
FNDA:0,getLabTests
FNDA:1,getPatientEMRs
FNDA:1,getDoctorAppointments
FNDA:0,getTodayAppointments
FNDA:1,getPatientPrescriptions
FNDA:1,getPatientLabOrders
FNDA:1,getPatientImagingOrders
FNDA:1,searchPatients
FNDA:1,searchMedications
DA:1,1
DA:36,1
DA:37,1
DA:38,1
DA:40,4
DA:41,4
DA:42,4
DA:43,4
DA:44,4
DA:51,18
DA:52,18
DA:54,18
DA:55,4
DA:56,4
DA:57,4
DA:59,14
DA:61,14
DA:62,14
DA:65,14
DA:66,18
DA:67,5
DA:68,4
DA:69,18
DA:70,2
DA:71,2
DA:72,18
DA:73,1
DA:74,1
DA:75,18
DA:76,1
DA:77,1
DA:78,18
DA:79,2
DA:80,2
DA:81,18
DA:82,1
DA:83,1
DA:84,18
DA:85,1
DA:86,1
DA:87,18
DA:88,0
DA:89,0
DA:90,18
DA:91,1
DA:92,1
DA:93,18
DA:94,0
DA:95,0
DA:96,18
DA:97,0
DA:98,0
DA:99,18
DA:100,0
DA:101,0
DA:102,18
DA:105,13
DA:106,13
DA:108,13
DA:109,13
DA:110,18
DA:111,1
DA:112,1
DA:113,1
DA:114,18
DA:119,1
DA:120,1
DA:121,1
DA:122,1
DA:123,1
DA:124,1
DA:130,4
DA:131,4
DA:133,4
DA:134,4
DA:135,4
DA:136,0
DA:137,0
DA:138,4
DA:139,0
DA:140,0
DA:141,4
DA:142,3
DA:143,3
DA:144,4
DA:145,0
DA:146,0
DA:147,4
DA:148,0
DA:149,0
DA:150,4
DA:151,0
DA:152,0
DA:153,4
DA:154,0
DA:155,0
DA:156,4
DA:157,1
DA:158,1
DA:159,4
DA:162,3
DA:163,3
DA:165,3
DA:166,3
DA:167,4
DA:168,0
DA:169,0
DA:170,0
DA:171,4
DA:176,0
DA:177,0
DA:178,0
DA:179,0
DA:180,0
DA:181,0
DA:186,2
DA:187,2
DA:188,2
DA:189,2
DA:190,2
DA:191,2
DA:192,2
DA:194,2
DA:195,1
DA:196,1
DA:197,1
DA:199,1
DA:200,1
DA:201,1
DA:202,1
DA:207,1
DA:208,1
DA:209,1
DA:211,1
DA:212,0
DA:213,0
DA:214,0
DA:216,1
DA:217,1
DA:218,1
DA:224,6
DA:225,6
DA:226,6
DA:228,2
DA:229,2
DA:230,2
DA:232,1
DA:233,1
DA:234,1
DA:236,1
DA:237,1
DA:238,1
DA:240,1
DA:241,1
DA:242,1
DA:244,2
DA:245,2
DA:246,2
DA:248,1
DA:249,1
DA:250,1
DA:252,0
DA:253,0
DA:254,0
DA:256,1
DA:257,1
DA:258,1
DA:260,0
DA:261,0
DA:262,0
DA:268,1
DA:269,1
DA:270,1
DA:271,1
DA:273,1
DA:274,1
DA:275,1
DA:277,1
DA:278,0
DA:279,0
DA:281,1
DA:282,0
DA:283,0
DA:285,1
DA:286,1
DA:288,0
DA:289,0
DA:290,0
DA:292,0
DA:293,0
DA:295,0
DA:296,0
DA:298,1
DA:299,1
DA:300,1
DA:301,1
DA:303,1
DA:304,1
DA:305,1
DA:306,1
DA:308,1
DA:309,1
DA:310,1
DA:311,1
DA:317,1
DA:318,1
DA:319,1
DA:321,1
DA:322,1
DA:323,1
DA:324,0
DA:325,0
DA:326,0
DA:328,1
DA:329,1
DA:331,1
DA:332,1
DA:333,1
DA:335,1
DA:336,2
DA:337,2
DA:338,1
DA:340,1
DA:341,1
DA:343,1
DA:344,1
DA:345,1
DA:346,1
DA:347,1
DA:348,1
DA:349,1
DA:350,1
DA:351,1
DA:352,1
DA:353,1
DA:354,1
DA:355,1
DA:356,1
DA:357,1
DA:358,1
DA:359,1
DA:360,1
DA:361,1
DA:362,1
DA:363,1
DA:364,1
DA:365,1
DA:366,1
DA:367,1
DA:368,1
LF:250
LH:198
BRDA:40,0,0,4
BRDA:42,1,0,0
BRDA:51,2,0,18
BRDA:54,3,0,4
BRDA:54,4,0,4
BRDA:57,5,0,14
BRDA:66,6,0,5
BRDA:67,7,0,4
BRDA:69,8,0,2
BRDA:72,9,0,1
BRDA:75,10,0,1
BRDA:78,11,0,2
BRDA:81,12,0,1
BRDA:84,13,0,1
BRDA:87,14,0,0
BRDA:90,15,0,1
BRDA:93,16,0,0
BRDA:96,17,0,0
BRDA:99,18,0,0
BRDA:102,19,0,13
BRDA:110,20,0,1
BRDA:119,21,0,1
BRDA:120,22,0,1
BRDA:121,23,0,1
BRDA:130,24,0,4
BRDA:135,25,0,0
BRDA:138,26,0,0
BRDA:141,27,0,3
BRDA:144,28,0,0
BRDA:147,29,0,0
BRDA:150,30,0,0
BRDA:153,31,0,0
BRDA:156,32,0,1
BRDA:159,33,0,3
BRDA:167,34,0,0
BRDA:186,35,0,2
BRDA:194,36,0,1
BRDA:192,37,0,1
BRDA:207,38,0,1
BRDA:211,39,0,0
BRDA:209,40,0,1
BRDA:224,41,0,6
BRDA:228,42,0,2
BRDA:232,43,0,1
BRDA:236,44,0,1
BRDA:240,45,0,1
BRDA:244,46,0,2
BRDA:248,47,0,1
BRDA:256,48,0,1
BRDA:268,49,0,1
BRDA:270,50,0,2
BRDA:273,51,0,1
BRDA:277,52,0,0
BRDA:281,53,0,0
BRDA:275,54,0,2
BRDA:298,55,0,1
BRDA:300,56,0,1
BRDA:303,57,0,1
BRDA:305,58,0,1
BRDA:308,59,0,1
BRDA:310,60,0,1
BRDA:317,61,0,1
BRDA:321,62,0,1
BRDA:323,63,0,0
BRDA:324,64,0,0
BRDA:325,65,0,0
BRDA:331,66,0,1
BRDA:335,67,0,2
BRDA:337,68,0,1
BRF:69
BRH:51
end_of_record
TN:
SF:../../../issara-doctor/frontend/services/doctorDataService.ts
FN:74,<static_initializer>
FN:76,DoctorDataService
FN:78,getInstance
FN:92,getAllDoctors
FN:103,getDoctorProfile
FN:111,saveDoctorProfile
FN:120,getDoctorStats
FN:141,getAllQueue
FN:152,getQueue
FN:163,updateAllQueue
FN:175,updateQueue
FN:197,addToQueue
FN:213,removeFromQueue
FN:235,updateQueuePatientStatus
FN:258,callNextPatient
FN:281,getDoctorSchedule
FN:289,saveDoctorSchedule
FN:302,getTodayAppointments
FN:314,getAllAppointments
FN:323,saveDailyAppointments
FN:342,getPatientEMRs
FN:353,saveEMR
FN:385,getPatientPrescriptions
FN:396,savePrescription
FN:428,getPatientLabOrders
FN:439,saveLabOrder
FN:471,getPatientImagingOrders
FN:482,saveImagingOrder
FN:512,getDefaultStats
FNF:29
FNH:19
FNDA:1,<static_initializer>
FNDA:1,DoctorDataService
FNDA:1,getInstance
FNDA:1,getAllDoctors
FNDA:1,getDoctorProfile
FNDA:1,saveDoctorProfile
FNDA:1,getDoctorStats
FNDA:4,getAllQueue
FNDA:3,getQueue
FNDA:3,updateAllQueue
FNDA:1,updateQueue
FNDA:1,addToQueue
FNDA:1,removeFromQueue
FNDA:1,updateQueuePatientStatus
FNDA:2,callNextPatient
FNDA:1,getDoctorSchedule
FNDA:1,saveDoctorSchedule
FNDA:0,getTodayAppointments
FNDA:1,getAllAppointments
FNDA:0,saveDailyAppointments
FNDA:0,getPatientEMRs
FNDA:0,saveEMR
FNDA:0,getPatientPrescriptions
FNDA:0,savePrescription
FNDA:0,getPatientLabOrders
FNDA:0,saveLabOrder
FNDA:0,getPatientImagingOrders
FNDA:0,saveImagingOrder
FNDA:1,getDefaultStats
DA:1,1
DA:73,1
DA:74,1
DA:76,1
DA:78,1
DA:79,1
DA:80,1
DA:81,1
DA:82,1
DA:83,1
DA:92,1
DA:93,1
DA:94,1
DA:95,1
DA:96,1
DA:97,1
DA:103,1
DA:104,1
DA:105,1
DA:106,1
DA:111,1
DA:112,1
DA:113,1
DA:114,1
DA:115,1
DA:120,1
DA:121,1
DA:123,1
DA:124,1
DA:125,0
DA:126,0
DA:129,1
DA:130,1
DA:141,1
DA:142,4
DA:143,4
DA:144,4
DA:145,4
DA:146,4
DA:152,1
DA:153,3
DA:154,3
DA:155,3
DA:156,3
DA:157,3
DA:163,1
DA:164,3
DA:165,3
DA:166,3
DA:167,3
DA:168,3
DA:169,3
DA:170,3
DA:175,1
DA:176,1
DA:179,1
DA:182,1
DA:185,1
DA:187,1
DA:188,1
DA:189,1
DA:190,1
DA:191,1
DA:192,1
DA:197,1
DA:198,1
DA:199,1
DA:201,1
DA:202,1
DA:203,1
DA:204,1
DA:206,1
DA:207,1
DA:208,1
DA:213,1
DA:214,1
DA:215,1
DA:216,1
DA:217,1
DA:220,1
DA:221,1
DA:222,1
DA:223,1
DA:224,1
DA:225,1
DA:226,1
DA:227,1
DA:229,1
DA:230,1
DA:235,1
DA:236,1
DA:237,1
DA:238,1
DA:239,1
DA:240,1
DA:241,1
DA:242,1
DA:243,1
DA:245,1
DA:246,0
DA:247,0
DA:248,0
DA:250,1
DA:251,1
DA:252,1
DA:253,1
DA:258,1
DA:259,2
DA:260,2
DA:262,2
DA:263,1
DA:264,1
DA:265,1
DA:268,1
DA:269,1
DA:271,1
DA:272,2
DA:281,1
DA:282,1
DA:283,1
DA:284,1
DA:289,1
DA:290,1
DA:291,1
DA:292,1
DA:293,1
DA:302,1
DA:303,0
DA:304,0
DA:306,0
DA:307,0
DA:308,0
DA:309,0
DA:314,1
DA:315,1
DA:316,1
DA:317,1
DA:318,1
DA:323,1
DA:324,0
DA:325,0
DA:326,0
DA:327,0
DA:328,0
DA:329,0
DA:330,0
DA:331,0
DA:342,1
DA:343,0
DA:344,0
DA:345,0
DA:346,0
DA:347,0
DA:353,1
DA:354,0
DA:355,0
DA:356,0
DA:358,0
DA:359,0
DA:362,0
DA:363,0
DA:364,0
DA:365,0
DA:366,0
DA:367,0
DA:368,0
DA:369,0
DA:370,0
DA:371,0
DA:373,0
DA:374,0
DA:385,1
DA:386,0
DA:387,0
DA:388,0
DA:389,0
DA:390,0
DA:396,1
DA:397,0
DA:398,0
DA:400,0
DA:401,0
DA:404,0
DA:405,0
DA:406,0
DA:407,0
DA:408,0
DA:409,0
DA:410,0
DA:411,0
DA:412,0
DA:413,0
DA:414,0
DA:416,0
DA:417,0
DA:428,1
DA:429,0
DA:430,0
DA:431,0
DA:432,0
DA:433,0
DA:439,1
DA:440,0
DA:441,0
DA:443,0
DA:444,0
DA:447,0
DA:448,0
DA:449,0
DA:450,0
DA:451,0
DA:452,0
DA:453,0
DA:454,0
DA:455,0
DA:456,0
DA:457,0
DA:459,0
DA:460,0
DA:471,1
DA:472,0
DA:473,0
DA:474,0
DA:475,0
DA:476,0
DA:482,1
DA:483,0
DA:484,0
DA:486,0
DA:487,0
DA:490,0
DA:491,0
DA:492,0
DA:493,0
DA:494,0
DA:495,0
DA:496,0
DA:497,0
DA:498,0
DA:499,0
DA:500,0
DA:502,0
DA:503,0
DA:512,1
DA:513,1
DA:514,1
DA:515,1
DA:516,1
DA:517,1
DA:518,1
DA:519,1
DA:520,1
DA:521,1
DA:522,1
DA:523,1
DA:524,1
DA:530,1
DA:531,1
LF:258
LH:151
BRDA:74,0,0,1
BRDA:76,1,0,1
BRDA:78,2,0,1
BRDA:92,3,0,1
BRDA:103,4,0,1
BRDA:111,5,0,1
BRDA:120,6,0,1
BRDA:124,7,0,0
BRDA:141,8,0,4
BRDA:152,9,0,3
BRDA:163,10,0,3
BRDA:175,11,0,1
BRDA:182,12,0,2
BRDA:197,13,0,1
BRDA:199,14,0,1
BRDA:213,15,0,1
BRDA:216,16,0,2
BRDA:221,17,0,1
BRDA:235,18,0,1
BRDA:245,19,0,0
BRDA:242,20,0,1
BRDA:258,21,0,2
BRDA:262,22,0,1
BRDA:260,23,0,2
BRDA:281,24,0,1
BRDA:289,25,0,1
BRDA:314,26,0,1
BRDA:512,27,0,1
BRF:28
BRH:26
end_of_record
TN:
SF:../../../issara-doctor/frontend/services/drugDatabase.ts
FN:159,searchDrugs
FN:169,getDrugById
FN:176,hasMutualInteraction
FN:186,buildInteractionRecord
FN:194,checkDrugInteractions
FNF:5
FNH:4
FNDA:7,searchDrugs
FNDA:29,getDrugById
FNDA:7,hasMutualInteraction
FNDA:0,buildInteractionRecord
FNDA:8,checkDrugInteractions
DA:16,1
DA:17,1
DA:18,1
DA:19,1
DA:20,1
DA:21,1
DA:22,1
DA:23,1
DA:24,1
DA:25,1
DA:26,1
DA:27,1
DA:28,1
DA:29,1
DA:30,1
DA:31,1
DA:32,1
DA:33,1
DA:34,1
DA:35,1
DA:36,1
DA:37,1
DA:38,1
DA:39,1
DA:40,1
DA:41,1
DA:42,1
DA:43,1
DA:44,1
DA:45,1
DA:46,1
DA:47,1
DA:48,1
DA:49,1
DA:50,1
DA:51,1
DA:52,1
DA:53,1
DA:54,1
DA:55,1
DA:56,1
DA:57,1
DA:58,1
DA:59,1
DA:60,1
DA:61,1
DA:62,1
DA:63,1
DA:64,1
DA:65,1
DA:66,1
DA:67,1
DA:68,1
DA:69,1
DA:70,1
DA:71,1
DA:72,1
DA:73,1
DA:74,1
DA:75,1
DA:76,1
DA:77,1
DA:78,1
DA:79,1
DA:80,1
DA:81,1
DA:82,1
DA:83,1
DA:84,1
DA:85,1
DA:86,1
DA:87,1
DA:88,1
DA:89,1
DA:90,1
DA:91,1
DA:92,1
DA:93,1
DA:94,1
DA:95,1
DA:96,1
DA:97,1
DA:98,1
DA:99,1
DA:100,1
DA:101,1
DA:102,1
DA:103,1
DA:104,1
DA:105,1
DA:106,1
DA:107,1
DA:108,1
DA:109,1
DA:110,1
DA:111,1
DA:112,1
DA:113,1
DA:114,1
DA:115,1
DA:116,1
DA:117,1
DA:118,1
DA:119,1
DA:120,1
DA:121,1
DA:122,1
DA:123,1
DA:124,1
DA:125,1
DA:126,1
DA:127,1
DA:128,1
DA:129,1
DA:130,1
DA:131,1
DA:132,1
DA:133,1
DA:134,1
DA:135,1
DA:136,1
DA:137,1
DA:138,1
DA:139,1
DA:140,1
DA:141,1
DA:142,1
DA:143,1
DA:144,1
DA:145,1
DA:146,1
DA:147,1
DA:148,1
DA:149,1
DA:150,1
DA:151,1
DA:152,1
DA:153,1
DA:154,1
DA:155,1
DA:156,1
DA:157,1
DA:159,1
DA:160,7
DA:161,7
DA:162,7
DA:163,70
DA:164,56
DA:165,55
DA:166,7
DA:167,7
DA:169,1
DA:170,29
DA:171,29
DA:176,1
DA:177,7
DA:178,7
DA:179,7
DA:181,7
DA:186,1
DA:187,0
DA:188,0
DA:189,0
DA:190,0
DA:191,0
DA:192,0
DA:194,1
DA:195,8
DA:196,8
DA:198,8
DA:199,12
DA:200,7
DA:201,0
DA:202,0
DA:203,7
DA:204,12
DA:206,8
DA:207,8
DA:209,1
LF:179
LH:171
BRDA:159,0,0,7
BRDA:162,1,0,70
BRDA:163,2,0,56
BRDA:164,3,0,55
BRDA:165,4,0,98
BRDA:169,5,0,29
BRDA:170,6,0,152
BRDA:176,7,0,7
BRDA:178,8,0,23
BRDA:179,9,0,23
BRDA:194,10,0,8
BRDA:198,11,0,12
BRDA:199,12,0,7
BRDA:200,13,0,0
BRDA:195,14,0,14
BRDA:195,15,0,14
BRF:16
BRH:15
end_of_record
TN:
SF:../../../issara-doctor/frontend/services/labOrderApi.ts
FN:18,authHeaders
FN:26,fetchLabOrdersByPatient
FN:48,createLabOrder
FNF:3
FNH:3
FNDA:5,authHeaders
FNDA:4,fetchLabOrdersByPatient
FNDA:1,createLabOrder
DA:18,5
DA:19,5
DA:20,5
DA:21,5
DA:22,5
DA:23,5
DA:24,5
DA:26,4
DA:27,4
DA:28,4
DA:29,4
DA:30,4
DA:31,3
DA:32,4
DA:33,4
DA:34,2
DA:35,2
DA:36,2
DA:37,2
DA:38,2
DA:39,2
DA:40,2
DA:41,2
DA:42,2
DA:43,2
DA:44,2
DA:45,4
DA:46,4
DA:48,1
DA:49,1
DA:50,1
DA:51,1
DA:52,1
DA:53,1
DA:54,1
LF:35
LH:35
BRDA:18,0,0,5
BRDA:19,1,0,1
BRDA:22,2,0,4
BRDA:22,3,0,1
BRDA:26,4,0,4
BRDA:30,5,0,1
BRDA:30,6,0,3
BRDA:32,7,0,1
BRDA:32,8,0,2
BRDA:32,9,0,1
BRDA:32,10,0,0
BRDA:33,11,0,2
BRDA:35,12,0,1
BRDA:35,13,0,0
BRDA:37,14,0,1
BRDA:38,15,0,0
BRDA:40,16,0,1
BRDA:40,17,0,0
BRDA:42,18,0,1
BRDA:48,19,0,1
BRF:20
BRH:16
end_of_record
TN:
SF:../../../issara-doctor/frontend/utils/appointmentPoolQuery.ts
FN:35,isWithinAcceptedWindow
FN:43,toPoolAccessRow
FN:53,isUnassignedPendingRow
FN:59,isAssignedToDoctor
FN:70,isConfirmedForDoctor
FN:86,matchesDoctorPoolAccess
FN:97,isVisibleToDoctorInQueue
FN:104,confirmedTimestamp
FN:109,splitQueueSections
FNF:9
FNH:8
FNDA:1,isWithinAcceptedWindow
FNDA:1,toPoolAccessRow
FNDA:1,isUnassignedPendingRow
FNDA:1,isAssignedToDoctor
FNDA:0,isConfirmedForDoctor
FNDA:1,matchesDoctorPoolAccess
FNDA:2,isVisibleToDoctorInQueue
FNDA:1,confirmedTimestamp
FNDA:1,splitQueueSections
DA:6,1
DA:8,1
DA:9,1
DA:10,1
DA:11,1
DA:12,1
DA:13,1
DA:35,1
DA:36,1
DA:37,1
DA:38,1
DA:39,1
DA:40,1
DA:41,1
DA:43,1
DA:44,1
DA:45,1
DA:46,1
DA:47,1
DA:48,1
DA:49,1
DA:50,1
DA:51,1
DA:53,1
DA:54,1
DA:55,1
DA:56,1
DA:57,1
DA:59,1
DA:60,1
DA:61,1
DA:62,1
DA:63,1
DA:64,1
DA:65,1
DA:66,1
DA:67,1
DA:68,1
DA:70,0
DA:71,0
DA:72,0
DA:73,0
DA:74,0
DA:75,0
DA:76,0
DA:77,0
DA:78,0
DA:79,0
DA:80,0
DA:81,0
DA:82,0
DA:83,0
DA:84,0
DA:86,1
DA:87,1
DA:88,1
DA:89,1
DA:90,1
DA:91,1
DA:92,1
DA:93,0
DA:94,0
DA:95,0
DA:97,2
DA:98,2
DA:99,2
DA:100,2
DA:101,1
DA:102,1
DA:104,1
DA:105,1
DA:106,1
DA:109,1
DA:110,1
DA:111,1
DA:112,1
DA:113,1
DA:115,1
DA:116,2
DA:117,2
DA:119,2
DA:121,2
DA:122,1
DA:123,1
DA:124,1
DA:126,2
DA:127,2
DA:128,1
DA:129,1
DA:130,1
DA:131,2
DA:132,1
DA:133,1
DA:134,1
DA:135,2
DA:137,1
DA:138,1
LF:97
LH:79
BRDA:35,0,0,1
BRDA:36,1,0,0
BRDA:38,2,0,0
BRDA:43,3,0,1
BRDA:46,4,0,0
BRDA:46,5,0,0
BRDA:53,6,0,1
BRDA:54,7,0,0
BRDA:55,8,0,0
BRDA:56,9,0,0
BRDA:59,10,0,1
BRDA:64,11,0,0
BRDA:65,12,0,0
BRDA:66,13,0,0
BRDA:86,14,0,1
BRDA:88,15,0,0
BRDA:89,16,0,0
BRDA:90,17,0,0
BRDA:91,18,0,0
BRDA:92,19,0,0
BRDA:97,20,0,2
BRDA:98,21,0,0
BRDA:99,22,0,1
BRDA:99,23,0,1
BRDA:100,24,0,1
BRDA:104,25,0,1
BRDA:105,26,0,0
BRDA:105,27,0,0
BRDA:105,28,0,0
BRDA:105,29,0,0
BRDA:109,30,0,1
BRDA:115,31,0,0
BRDA:115,32,0,2
BRDA:116,33,0,0
BRDA:117,34,0,0
BRDA:121,35,0,1
BRDA:121,36,0,1
BRDA:121,37,0,1
BRDA:127,38,0,1
BRDA:128,39,0,1
BRDA:129,40,0,1
BRDA:131,41,0,1
BRF:42
BRH:19
end_of_record
TN:
SF:../../../issara-doctor/frontend/utils/appointmentSchedule.ts
FN:8,normalizeAppointmentTime
FN:14,resolveAppointmentSchedule
FNF:2
FNH:2
FNDA:4,normalizeAppointmentTime
FNDA:2,resolveAppointmentSchedule
DA:1,1
DA:2,1
DA:3,1
DA:4,1
DA:5,1
DA:8,1
DA:9,4
DA:10,4
DA:11,4
DA:14,1
DA:15,2
DA:16,2
DA:17,2
DA:18,0
DA:19,0
DA:20,0
DA:21,0
DA:22,0
DA:23,0
DA:25,2
DA:26,2
DA:27,2
DA:28,2
DA:29,2
DA:30,0
DA:32,2
DA:33,2
DA:34,2
DA:35,2
DA:36,1
DA:38,2
DA:40,2
DA:41,2
DA:42,2
DA:43,2
DA:44,0
DA:45,0
DA:46,0
DA:47,0
DA:49,2
DA:50,2
DA:51,1
DA:52,1
DA:53,0
DA:54,1
DA:55,1
DA:56,1
DA:57,2
DA:58,2
LF:49
LH:37
BRDA:8,0,0,4
BRDA:9,1,0,0
BRDA:10,2,0,0
BRDA:14,3,0,2
BRDA:17,4,0,0
BRDA:26,5,0,1
BRDA:27,6,0,1
BRDA:27,7,0,0
BRDA:28,8,0,0
BRDA:28,9,0,0
BRDA:29,10,0,0
BRDA:29,11,0,0
BRDA:33,12,0,1
BRDA:34,13,0,1
BRDA:34,14,0,1
BRDA:35,15,0,1
BRDA:35,16,0,1
BRDA:43,17,0,0
BRDA:50,18,0,1
BRDA:52,19,0,0
BRF:20
BRH:10
end_of_record
TN:
SF:../../../issara-doctor/frontend/utils/emrAiDraft.ts
FN:19,storeEmrAiDraft
FN:23,readEmrAiDraft
FN:33,clearEmrAiDraft
FNF:3
FNH:3
FNDA:4,storeEmrAiDraft
FNDA:5,readEmrAiDraft
FNDA:1,clearEmrAiDraft
DA:1,1
DA:19,1
DA:20,4
DA:21,4
DA:23,1
DA:24,5
DA:25,5
DA:26,5
DA:27,4
DA:28,5
DA:29,1
DA:30,1
DA:31,5
DA:33,1
DA:34,1
DA:35,1
LF:16
LH:16
BRDA:19,0,0,4
BRDA:23,1,0,5
BRDA:26,2,0,1
BRDA:26,3,0,4
BRDA:28,4,0,1
BRDA:33,5,0,1
BRF:6
BRH:6
end_of_record
TN:
SF:../../../issara-doctor/frontend/utils/jitsiDisplayName.ts
FN:12,getIzaraDisplayName
FN:29,jitsiConfigWithIzaraName
FNF:2
FNH:1
FNDA:3,getIzaraDisplayName
FNDA:0,jitsiConfigWithIzaraName
DA:12,1
DA:13,3
DA:14,3
DA:15,3
DA:16,3
DA:17,3
DA:18,0
DA:19,3
DA:20,3
DA:21,0
DA:22,0
DA:23,0
DA:24,0
DA:25,0
DA:26,0
DA:29,1
DA:30,0
DA:31,0
DA:32,0
DA:33,0
DA:34,0
DA:35,0
DA:36,0
DA:37,0
DA:38,0
LF:25
LH:9
BRDA:12,0,0,3
BRDA:13,1,0,0
BRDA:17,2,0,0
BRDA:20,3,0,0
BRF:4
BRH:1
end_of_record
TN:
SF:../../../issara-doctor/frontend/utils/jitsiMeetingConfig.ts
FN:27,resolveJitsiDomain
FN:33,mergeRecord
FN:39,stableRoomNameForAppointment
FN:45,generateIzaraRoomName
FN:52,pickJitsiJwt
FN:64,resolveMountJwt
FN:75,waitForLayoutPaint
FN:85,prepareLayoutThenMount
FN:111,buildDoctorJitsiMountOptions
FN:180,getJitsiExternalApiOptions
FN:217,meetingApiBase
FN:222,fetchMeetingJoinConfig
FN:245,notifyHostPresent
FN:262,notifyHostAbsent
FN:278,isHostReady
FN:291,waitForHostReady
FN:304,loadJitsiExternalApiScript
FN:331,script.onload
FN:332,script.onerror
FN:337,mountGuestJitsiMeeting
FN:405,connectMeetingSocket
FNF:21
FNH:13
FNDA:8,resolveJitsiDomain
FNDA:6,mergeRecord
FNDA:0,stableRoomNameForAppointment
FNDA:3,generateIzaraRoomName
FNDA:12,pickJitsiJwt
FNDA:11,resolveMountJwt
FNDA:3,waitForLayoutPaint
FNDA:3,prepareLayoutThenMount
FNDA:3,buildDoctorJitsiMountOptions
FNDA:4,getJitsiExternalApiOptions
FNDA:3,meetingApiBase
FNDA:3,fetchMeetingJoinConfig
FNDA:0,notifyHostPresent
FNDA:0,notifyHostAbsent
FNDA:0,isHostReady
FNDA:0,waitForHostReady
FNDA:6,loadJitsiExternalApiScript
FNDA:4,script.onload
FNDA:0,script.onerror
FNDA:0,mountGuestJitsiMeeting
FNDA:0,connectMeetingSocket
DA:1,1
DA:27,1
DA:28,8
DA:29,8
DA:30,8
DA:31,8
DA:33,6
DA:34,6
DA:35,0
DA:36,0
DA:39,1
DA:40,0
DA:41,0
DA:42,0
DA:45,1
DA:46,3
DA:47,3
DA:48,3
DA:49,3
DA:50,3
DA:52,1
DA:53,12
DA:54,12
DA:55,12
DA:56,12
DA:57,12
DA:58,12
DA:59,12
DA:60,12
DA:61,12
DA:64,1
DA:65,11
DA:66,11
DA:67,11
DA:68,11
DA:69,11
DA:75,3
DA:76,3
DA:77,0
DA:78,0
DA:79,0
DA:80,0
DA:81,0
DA:82,3
DA:83,3
DA:85,3
DA:86,3
DA:87,3
DA:88,3
DA:89,3
DA:90,3
DA:91,3
DA:92,3
DA:93,3
DA:94,3
DA:95,3
DA:96,0
DA:97,0
DA:98,3
DA:99,1
DA:100,1
DA:101,1
DA:102,3
DA:103,1
DA:104,1
DA:105,1
DA:106,1
DA:107,1
DA:108,1
DA:111,1
DA:121,3
DA:122,3
DA:123,3
DA:124,3
DA:125,3
DA:126,3
DA:127,3
DA:129,3
DA:130,3
DA:131,3
DA:132,3
DA:133,3
DA:134,3
DA:135,3
DA:136,3
DA:137,3
DA:138,3
DA:139,3
DA:140,3
DA:142,3
DA:143,3
DA:144,3
DA:145,3
DA:146,3
DA:147,3
DA:148,3
DA:149,3
DA:151,3
DA:152,3
DA:153,3
DA:155,3
DA:156,3
DA:157,3
DA:158,3
DA:159,3
DA:160,3
DA:161,3
DA:162,3
DA:163,3
DA:164,3
DA:165,3
DA:166,3
DA:169,1
DA:170,1
DA:171,1
DA:172,1
DA:173,1
DA:174,1
DA:175,1
DA:176,1
DA:177,1
DA:178,1
DA:180,1
DA:181,4
DA:182,4
DA:183,4
DA:184,4
DA:185,4
DA:186,4
DA:187,4
DA:188,4
DA:189,4
DA:190,4
DA:191,4
DA:192,4
DA:193,4
DA:194,4
DA:195,4
DA:196,4
DA:197,4
DA:198,4
DA:199,4
DA:200,4
DA:201,4
DA:202,0
DA:203,4
DA:204,4
DA:205,4
DA:206,4
DA:207,4
DA:208,4
DA:209,4
DA:210,4
DA:211,4
DA:212,4
DA:213,4
DA:214,4
DA:215,4
DA:217,3
DA:218,3
DA:219,3
DA:220,3
DA:222,3
DA:223,3
DA:224,3
DA:225,3
DA:226,3
DA:227,3
DA:228,3
DA:229,3
DA:230,3
DA:231,3
DA:232,3
DA:233,3
DA:234,3
DA:235,3
DA:236,3
DA:237,3
DA:238,3
DA:239,2
DA:240,3
DA:241,1
DA:242,1
DA:243,3
DA:245,0
DA:246,0
DA:247,0
DA:248,0
DA:249,0
DA:250,0
DA:251,0
DA:252,0
DA:253,0
DA:254,0
DA:255,0
DA:256,0
DA:257,0
DA:258,0
DA:259,0
DA:260,0
DA:262,0
DA:263,0
DA:264,0
DA:265,0
DA:266,0
DA:267,0
DA:268,0
DA:269,0
DA:270,0
DA:271,0
DA:272,0
DA:273,0
DA:274,0
DA:275,0
DA:276,0
DA:278,0
DA:279,0
DA:280,0
DA:281,0
DA:282,0
DA:283,0
DA:284,0
DA:285,0
DA:286,0
DA:287,0
DA:288,0
DA:289,0
DA:291,0
DA:292,0
DA:293,0
DA:294,0
DA:295,0
DA:296,0
DA:297,0
DA:298,0
DA:299,0
DA:300,0
DA:301,0
DA:302,0
DA:304,1
DA:305,6
DA:306,6
DA:307,1
DA:308,1
DA:309,5
DA:310,5
DA:311,1
DA:312,1
DA:313,1
DA:314,4
DA:315,4
DA:316,1
DA:317,4
DA:318,4
DA:319,5
DA:320,0
DA:321,0
DA:322,0
DA:323,0
DA:324,0
DA:325,0
DA:326,0
DA:327,0
DA:328,4
DA:329,4
DA:330,4
DA:331,4
DA:332,4
DA:333,4
DA:334,5
DA:335,5
DA:337,0
DA:348,0
DA:349,0
DA:350,0
DA:351,0
DA:352,0
DA:353,0
DA:354,0
DA:355,0
DA:356,0
DA:357,0
DA:358,0
DA:359,0
DA:360,0
DA:361,0
DA:362,0
DA:363,0
DA:364,0
DA:365,0
DA:366,0
DA:367,0
DA:368,0
DA:369,0
DA:371,0
DA:372,0
DA:373,0
DA:374,0
DA:375,0
DA:376,0
DA:377,0
DA:378,0
DA:379,0
DA:380,0
DA:381,0
DA:382,0
DA:383,0
DA:384,0
DA:385,0
DA:386,0
DA:387,0
DA:388,0
DA:389,0
DA:390,0
DA:391,0
DA:392,0
DA:393,0
DA:394,0
DA:395,0
DA:396,0
DA:397,0
DA:398,0
DA:399,0
DA:400,0
DA:401,0
DA:402,0
DA:403,0
DA:405,0
DA:406,0
DA:407,0
DA:408,0
DA:412,0
DA:413,0
DA:414,0
DA:415,0
DA:416,0
DA:417,0
DA:418,0
DA:419,0
DA:420,0
DA:421,0
DA:422,0
DA:423,0
DA:424,0
DA:425,0
DA:426,0
DA:427,0
DA:428,0
DA:429,0
DA:430,0
DA:431,0
DA:432,0
DA:433,0
DA:434,0
DA:435,0
DA:436,0
DA:437,0
DA:438,0
LF:358
LH:195
BRDA:27,0,0,8
BRDA:33,1,0,6
BRDA:34,2,0,0
BRDA:45,3,0,3
BRDA:46,4,0,0
BRDA:52,5,0,12
BRDA:56,6,0,4
BRDA:56,7,0,0
BRDA:57,8,0,4
BRDA:57,9,0,8
BRDA:58,10,0,10
BRDA:58,11,0,2
BRDA:58,12,0,10
BRDA:59,13,0,2
BRDA:59,14,0,8
BRDA:60,15,0,2
BRDA:60,16,0,2
BRDA:60,17,0,8
BRDA:64,18,0,11
BRDA:75,19,0,3
BRDA:76,20,0,0
BRDA:82,21,0,3
BRDA:85,22,0,3
BRDA:95,23,0,0
BRDA:98,24,0,1
BRDA:101,25,0,2
BRDA:102,26,0,1
BRDA:111,27,0,3
BRDA:124,28,0,1
BRDA:124,29,0,2
BRDA:124,30,0,0
BRDA:125,31,0,1
BRDA:139,32,0,1
BRDA:148,33,0,1
BRDA:152,34,0,1
BRDA:153,35,0,1
BRDA:180,36,0,4
BRDA:181,37,0,0
BRDA:181,38,0,0
BRDA:187,39,0,0
BRDA:201,40,0,0
BRDA:217,41,0,3
BRDA:218,42,0,0
BRDA:219,43,0,0
BRDA:222,44,0,3
BRDA:231,45,0,2
BRDA:231,46,0,2
BRDA:233,47,0,2
BRDA:237,48,0,2
BRDA:238,49,0,0
BRDA:238,50,0,2
BRDA:240,51,0,1
BRDA:304,52,0,6
BRDA:306,53,0,1
BRDA:308,54,0,5
BRDA:309,55,0,5
BRDA:310,56,0,4
BRDA:310,57,0,1
BRDA:319,58,0,0
BRDA:327,59,0,4
BRDA:315,60,0,1
BRDA:331,61,0,4
BRF:62
BRH:48
end_of_record
TN:
SF:../../../issara-doctor/frontend/utils/postMeetingAppointments.ts
FN:2,getRecentCompletedAppointments
FNF:1
FNH:1
FNDA:2,getRecentCompletedAppointments
DA:2,1
DA:3,2
DA:4,2
DA:5,2
DA:6,8
DA:7,8
DA:8,8
DA:9,2
DA:10,2
LF:9
LH:9
BRDA:2,0,0,2
BRDA:4,1,0,8
BRDA:4,2,0,2
BRDA:5,3,0,8
BRDA:6,4,0,0
BRDA:6,5,0,0
BRDA:6,6,0,0
BRDA:6,7,0,0
BRDA:7,8,0,0
BRDA:7,9,0,0
BRDA:7,10,0,0
BRDA:7,11,0,0
BRF:12
BRH:4
end_of_record
TN:
SF:../../../issara-doctor/frontend/utils/resolveEnv.ts
FN:7,runtimeEnv
FN:12,resolveEnv
FN:33,resolveEnvBool
FNF:3
FNH:2
FNDA:9,runtimeEnv
FNDA:9,resolveEnv
FNDA:0,resolveEnvBool
DA:7,9
DA:8,9
DA:9,9
DA:10,9
DA:12,1
DA:13,9
DA:14,9
DA:15,0
DA:16,0
DA:18,9
DA:19,9
DA:20,9
DA:21,9
DA:22,0
DA:23,0
DA:25,9
DA:26,9
DA:27,0
DA:28,0
DA:30,9
DA:31,9
DA:33,1
DA:34,0
DA:35,0
DA:36,0
LF:25
LH:16
BRDA:7,0,0,9
BRDA:8,1,0,0
BRDA:12,2,0,9
BRDA:13,3,0,1
BRDA:14,4,0,0
BRDA:14,5,0,0
BRDA:21,6,0,1
BRDA:21,7,0,0
BRDA:26,8,0,1
BRDA:26,9,0,0
BRF:10
BRH:5
end_of_record
TN:
SF:../../../issara-doctor/frontend/utils/resolveMeetingServerUrl.ts
FN:4,resolveMeetingServerUrl
FN:18,rewriteForBrowser
FNF:2
FNH:1
FNDA:1,resolveMeetingServerUrl
FNDA:0,rewriteForBrowser
DA:1,1
DA:4,1
DA:5,1
DA:7,1
DA:8,0
DA:9,0
DA:10,0
DA:11,0
DA:12,0
DA:13,0
DA:14,0
DA:16,1
DA:18,1
DA:19,0
DA:20,0
DA:21,0
DA:22,0
DA:23,0
DA:24,0
DA:25,0
DA:26,0
DA:27,0
DA:28,0
DA:29,0
DA:30,0
DA:31,0
DA:32,0
DA:33,0
DA:34,0
DA:35,0
DA:37,1
DA:39,1
DA:40,0
DA:41,0
DA:42,1
DA:43,1
LF:36
LH:10
BRDA:4,0,0,1
BRDA:5,1,0,0
BRDA:7,2,0,0
BRDA:37,3,0,0
BRDA:39,4,0,0
BRF:5
BRH:1
end_of_record
TN:
SF:../../../issara-jitsi/backend/clinicalFallback.js
FN:4,buildRecordingOnlySoapFallback
FN:19,formatSoapMarkdownFromStructured
FNF:2
FNH:2
FNDA:1,buildRecordingOnlySoapFallback
FNDA:2,formatSoapMarkdownFromStructured
DA:1,1
DA:2,1
DA:3,1
DA:4,1
DA:5,1
DA:6,1
DA:7,1
DA:8,1
DA:9,1
DA:10,1
DA:11,1
DA:12,1
DA:13,1
DA:14,1
DA:15,1
DA:16,1
DA:17,1
DA:19,1
DA:20,2
DA:21,2
DA:22,2
DA:23,2
DA:24,2
DA:25,2
DA:26,2
DA:27,2
LF:26
LH:26
BRDA:4,0,0,1
BRDA:8,1,0,0
BRDA:19,2,0,2
BRDA:20,3,0,1
BRDA:22,4,0,1
BRDA:23,5,0,1
BRDA:24,6,0,1
BRDA:25,7,0,1
BRF:8
BRH:7
end_of_record
TN:
SF:../../../issara-jitsi/backend/clinicalTextLimits.js
FN:17,clampText
FN:25,buildChaoticTranscript2Hours
FN:40,prepareTranscriptForLlm
FN:54,sanitizeStructuredForDb
FN:96,prepareSummaryForDb
FNF:5
FNH:5
FNDA:11,clampText
FNDA:1,buildChaoticTranscript2Hours
FNDA:3,prepareTranscriptForLlm
FNDA:3,sanitizeStructuredForDb
FNDA:1,prepareSummaryForDb
DA:1,1
DA:2,1
DA:3,1
DA:5,1
DA:6,1
DA:7,1
DA:8,1
DA:9,1
DA:10,1
DA:11,1
DA:12,1
DA:13,1
DA:14,1
DA:15,1
DA:17,1
DA:18,11
DA:19,11
DA:20,2
DA:21,2
DA:22,2
DA:24,1
DA:25,1
DA:26,1
DA:27,1
DA:28,1
DA:29,1
DA:30,21
DA:31,21
DA:32,21
DA:33,21
DA:34,21
DA:35,21
DA:36,1
DA:37,1
DA:39,1
DA:40,1
DA:41,3
DA:42,2
DA:43,3
DA:44,1
DA:45,1
DA:46,1
DA:47,1
DA:48,1
DA:49,1
DA:50,1
DA:51,1
DA:52,1
DA:54,1
DA:55,3
DA:56,2
DA:57,3
DA:58,2
DA:59,2
DA:60,2
DA:61,2
DA:62,3
DA:63,3
DA:64,1
DA:65,1
DA:66,3
DA:67,1
DA:68,2
DA:69,2
DA:70,1
DA:71,1
DA:72,1
DA:73,1
DA:74,2
DA:75,1
DA:76,2
DA:77,3
DA:78,0
DA:79,0
DA:80,0
DA:81,0
DA:82,0
DA:83,0
DA:84,0
DA:85,0
DA:86,0
DA:87,0
DA:88,0
DA:89,0
DA:90,0
DA:91,0
DA:92,0
DA:93,2
DA:94,2
DA:96,1
DA:97,1
DA:98,1
DA:99,1
DA:100,1
DA:101,1
LF:95
LH:80
BRDA:17,0,0,11
BRDA:18,1,0,1
BRDA:18,2,0,10
BRDA:19,3,0,9
BRDA:19,4,0,2
BRDA:25,5,0,1
BRDA:29,6,0,21
BRDA:30,7,0,7
BRDA:30,8,0,14
BRDA:30,9,0,7
BRDA:30,10,0,7
BRDA:40,11,0,3
BRDA:41,12,0,1
BRDA:41,13,0,2
BRDA:43,14,0,1
BRDA:54,15,0,3
BRDA:55,16,0,2
BRDA:55,17,0,1
BRDA:55,18,0,2
BRDA:57,19,0,2
BRDA:62,20,0,1
BRDA:62,21,0,2
BRDA:63,22,0,1
BRDA:65,23,0,2
BRDA:66,24,0,1
BRDA:66,25,0,1
BRDA:67,26,0,2
BRDA:69,27,0,1
BRDA:75,28,0,2
BRDA:77,29,0,0
BRDA:92,30,0,2
BRDA:64,31,0,2
BRDA:70,32,0,2
BRDA:96,33,0,1
BRF:34
BRH:33
end_of_record
TN:
SF:../../../issara-jitsi/backend/jibriWebhook.js
FN:5,validateJibriWebhookRequest
FNF:1
FNH:1
FNDA:3,validateJibriWebhookRequest
DA:1,1
DA:2,1
DA:3,1
DA:4,1
DA:5,1
DA:6,3
DA:7,1
DA:8,1
DA:9,3
DA:10,3
DA:11,3
DA:12,0
DA:13,0
DA:14,3
DA:15,1
DA:16,1
DA:17,1
DA:18,1
LF:18
LH:16
BRDA:5,0,0,3
BRDA:6,1,0,1
BRDA:8,2,0,2
BRDA:10,3,0,2
BRDA:11,4,0,2
BRDA:11,5,0,0
BRDA:13,6,0,2
BRDA:14,7,0,1
BRDA:14,8,0,1
BRF:9
BRH:8
end_of_record
TN:
SF:../../../issara-jitsi/backend/jitsiConfig.js
FN:10,buildJitsiHashParams
FN:52,buildMeetingUrls
FN:87,buildGuestPortalUrls
FN:103,externalApiConfig
FNF:4
FNH:3
FNDA:11,buildJitsiHashParams
FNDA:3,buildMeetingUrls
FNDA:0,buildGuestPortalUrls
FNDA:1,externalApiConfig
DA:1,1
DA:2,1
DA:3,1
DA:4,1
DA:5,1
DA:6,1
DA:7,1
DA:8,1
DA:10,1
DA:11,11
DA:12,11
DA:14,11
DA:15,11
DA:16,11
DA:17,11
DA:18,11
DA:19,11
DA:20,11
DA:21,11
DA:22,11
DA:23,11
DA:25,11
DA:26,11
DA:27,11
DA:28,11
DA:30,11
DA:31,4
DA:32,4
DA:33,4
DA:35,11
DA:36,11
DA:37,11
DA:38,11
DA:39,0
DA:40,0
DA:42,11
DA:43,11
DA:44,11
DA:45,11
DA:46,11
DA:47,11
DA:49,11
DA:50,11
DA:52,1
DA:53,3
DA:54,3
DA:55,3
DA:56,3
DA:58,3
DA:59,3
DA:60,3
DA:61,3
DA:62,3
DA:63,3
DA:64,3
DA:65,3
DA:66,3
DA:67,3
DA:68,3
DA:69,3
DA:70,3
DA:71,3
DA:72,3
DA:73,3
DA:75,3
DA:76,3
DA:77,3
DA:78,3
DA:79,3
DA:80,3
DA:81,3
DA:82,3
DA:83,3
DA:85,1
DA:86,1
DA:87,1
DA:88,0
DA:89,0
DA:90,0
DA:91,0
DA:92,0
DA:93,0
DA:94,0
DA:95,0
DA:96,0
DA:97,0
DA:98,0
DA:99,0
DA:100,0
DA:101,0
DA:103,1
DA:104,1
DA:105,1
DA:106,1
DA:107,1
DA:108,1
DA:109,1
DA:110,1
DA:111,1
DA:112,1
DA:113,1
DA:114,1
DA:115,1
DA:116,1
DA:117,1
DA:118,1
DA:119,1
DA:120,1
DA:121,1
DA:122,1
DA:123,1
DA:124,1
DA:125,1
DA:126,1
DA:127,1
DA:128,1
DA:129,1
DA:130,1
DA:131,1
DA:132,1
DA:133,1
DA:134,1
DA:135,1
DA:136,1
DA:137,1
LF:125
LH:109
BRDA:10,0,0,11
BRDA:11,1,0,7
BRDA:11,2,0,7
BRDA:16,3,0,8
BRDA:17,4,0,8
BRDA:20,5,0,5
BRDA:30,6,0,4
BRDA:38,7,0,0
BRDA:52,8,0,3
BRDA:54,9,0,1
BRDA:55,10,0,1
BRDA:56,11,0,0
BRDA:59,12,0,1
BRDA:64,13,0,1
BRDA:70,14,0,0
BRDA:103,15,0,1
BRDA:104,16,0,0
BRDA:104,17,0,0
BRDA:109,18,0,0
BRDA:124,19,0,0
BRF:20
BRH:13
end_of_record
TN:
SF:../../../issara-jitsi/backend/lobbyKey.js
FN:15,createLobbyKeyResolver
FN:21,getDbAvailable
FN:24,registerMeetingLobbyAliases
FN:31,syncLobbyAliasMaps
FN:45,mergeLobbyMaps
FN:65,resolveLobbyKeySync
FN:89,resolveLobbyKey
FN:127,getLobbyMap
FNF:8
FNH:6
FNDA:5,createLobbyKeyResolver
FNDA:0,getDbAvailable
FNDA:1,registerMeetingLobbyAliases
FNDA:5,syncLobbyAliasMaps
FNDA:5,mergeLobbyMaps
FNDA:4,resolveLobbyKeySync
FNDA:6,resolveLobbyKey
FNDA:0,getLobbyMap
DA:1,1
DA:2,1
DA:3,1
DA:4,1
DA:6,1
DA:7,1
DA:8,1
DA:9,1
DA:10,1
DA:11,1
DA:12,1
DA:13,1
DA:14,1
DA:15,1
DA:16,5
DA:17,5
DA:18,5
DA:19,5
DA:20,5
DA:21,5
DA:22,5
DA:24,5
DA:25,1
DA:26,1
DA:27,1
DA:28,1
DA:29,1
DA:31,5
DA:32,5
DA:33,5
DA:34,6
DA:35,6
DA:36,5
DA:37,3
DA:38,3
DA:39,3
DA:40,3
DA:41,3
DA:42,3
DA:43,5
DA:45,5
DA:46,5
DA:47,5
DA:48,5
DA:49,5
DA:50,2
DA:51,2
DA:52,2
DA:53,5
DA:54,2
DA:55,3
DA:56,3
DA:57,2
DA:58,2
DA:59,5
DA:60,5
DA:61,5
DA:62,5
DA:64,5
DA:65,5
DA:66,4
DA:67,4
DA:68,0
DA:69,0
DA:70,4
DA:71,4
DA:72,1
DA:73,1
DA:74,1
DA:75,1
DA:76,1
DA:77,1
DA:78,1
DA:79,1
DA:80,1
DA:81,2
DA:82,4
DA:84,5
DA:85,5
DA:86,5
DA:87,5
DA:88,5
DA:89,5
DA:90,6
DA:92,6
DA:93,2
DA:94,2
DA:95,2
DA:96,2
DA:98,4
DA:99,6
DA:100,2
DA:101,2
DA:102,2
DA:104,6
DA:105,1
DA:106,1
DA:107,1
DA:108,1
DA:109,1
DA:110,1
DA:111,1
DA:112,1
DA:113,1
DA:114,1
DA:115,1
DA:116,1
DA:117,1
DA:118,1
DA:119,1
DA:120,0
DA:121,0
DA:122,1
DA:124,1
DA:125,6
DA:127,5
DA:128,0
DA:129,0
DA:130,0
DA:131,0
DA:132,0
DA:133,0
DA:134,0
DA:135,0
DA:137,5
DA:138,5
DA:139,5
DA:140,5
DA:141,5
DA:142,5
DA:143,5
DA:144,5
DA:145,5
LF:133
LH:121
BRDA:15,0,0,5
BRDA:24,1,0,1
BRDA:25,2,0,0
BRDA:26,3,0,0
BRDA:31,4,0,5
BRDA:33,5,0,6
BRDA:36,6,0,3
BRDA:37,7,0,0
BRDA:38,8,0,0
BRDA:38,9,0,0
BRDA:45,10,0,5
BRDA:46,11,0,0
BRDA:49,12,0,2
BRDA:53,13,0,2
BRDA:54,14,0,3
BRDA:55,15,0,1
BRDA:65,16,0,4
BRDA:66,17,0,0
BRDA:67,18,0,0
BRDA:70,19,0,1
BRDA:70,20,0,3
BRDA:71,21,0,1
BRDA:72,22,0,0
BRDA:73,23,0,0
BRDA:80,24,0,2
BRDA:89,25,0,6
BRDA:90,26,0,0
BRDA:92,27,0,2
BRDA:93,28,0,1
BRDA:94,29,0,1
BRDA:96,30,0,4
BRDA:99,31,0,2
BRDA:104,32,0,1
BRDA:104,33,0,1
BRDA:113,34,0,0
BRDA:114,35,0,0
BRDA:119,36,0,0
BRF:37
BRH:23
end_of_record
TN:
SF:../../../issara-jitsi/backend/meetingAuth.js
FN:2,resolveActorUserId
FN:10,resolveDevTestingPatientLobbyUser
FNF:2
FNH:2
FNDA:8,resolveActorUserId
FNDA:4,resolveDevTestingPatientLobbyUser
DA:1,1
DA:2,1
DA:3,8
DA:4,8
DA:6,1
DA:7,1
DA:8,1
DA:9,1
DA:10,1
DA:11,4
DA:12,4
DA:13,4
DA:14,4
DA:15,4
DA:16,4
DA:17,4
DA:18,4
DA:20,4
DA:21,4
DA:22,4
DA:23,1
DA:24,1
DA:26,4
DA:27,1
DA:28,1
DA:29,1
DA:30,1
DA:31,1
DA:32,1
DA:33,1
DA:34,4
DA:35,4
DA:36,1
DA:37,1
DA:38,4
DA:39,0
DA:40,0
DA:41,0
DA:42,0
LF:39
LH:35
BRDA:2,0,0,8
BRDA:3,1,0,1
BRDA:3,2,0,1
BRDA:3,3,0,1
BRDA:10,4,0,4
BRDA:18,5,0,0
BRDA:21,6,0,2
BRDA:22,7,0,2
BRDA:22,8,0,2
BRDA:22,9,0,1
BRDA:24,10,0,3
BRDA:26,11,0,1
BRDA:26,12,0,2
BRDA:26,13,0,1
BRDA:35,14,0,1
BRDA:35,15,0,1
BRDA:38,16,0,0
BRF:17
BRH:15
end_of_record
TN:
SF:../../../issara-jitsi/backend/pipelineRetry.js
FN:6,withRetry
FN:11,shouldRetry
FN:31,isTransientError
FNF:3
FNH:3
FNDA:4,withRetry
FNDA:3,shouldRetry
FNDA:5,isTransientError
DA:1,1
DA:2,1
DA:3,1
DA:6,1
DA:7,4
DA:8,4
DA:9,4
DA:10,4
DA:11,4
DA:12,4
DA:14,4
DA:15,4
DA:16,6
DA:17,6
DA:18,6
DA:19,6
DA:20,4
DA:21,4
DA:22,4
DA:23,2
DA:24,2
DA:25,2
DA:26,2
DA:27,6
DA:28,4
DA:29,4
DA:31,1
DA:32,5
DA:33,5
DA:34,5
DA:35,3
DA:36,3
DA:37,5
DA:38,5
DA:39,5
DA:40,5
DA:41,5
DA:42,5
DA:43,5
DA:44,2
DA:45,5
DA:46,5
LF:42
LH:42
BRDA:6,0,0,4
BRDA:8,1,0,0
BRDA:9,2,0,0
BRDA:15,3,0,6
BRDA:19,4,0,4
BRDA:22,5,0,3
BRDA:22,6,0,2
BRDA:11,7,0,3
BRDA:25,8,0,2
BRDA:31,9,0,5
BRDA:32,10,0,0
BRDA:32,11,0,0
BRDA:33,12,0,4
BRDA:34,13,0,4
BRDA:34,14,0,4
BRDA:34,15,0,2
BRDA:34,16,0,3
BRDA:37,17,0,3
BRDA:38,18,0,2
BRDA:39,19,0,2
BRDA:40,20,0,2
BRDA:41,21,0,2
BRDA:42,22,0,2
BRDA:43,23,0,2
BRF:24
BRH:20
end_of_record
TN:
SF:../../../issara-jitsi/backend/recordingAccess.js
FN:6,isAdminUser
FN:10,isDoctorRole
FN:14,isPatientRole
FN:22,assertCanAccessMeetingRecording
FN:69,filterRecordingsForUser
FN:84,buildSecureRecordingUrl
FNF:6
FNH:6
FNDA:13,isAdminUser
FNDA:9,isDoctorRole
FNDA:4,isPatientRole
FNDA:11,assertCanAccessMeetingRecording
FNDA:3,filterRecordingsForUser
FNDA:2,buildSecureRecordingUrl
DA:1,1
DA:2,1
DA:3,1
DA:6,1
DA:7,13
DA:8,13
DA:10,1
DA:11,9
DA:12,9
DA:14,1
DA:15,4
DA:16,4
DA:18,1
DA:19,1
DA:20,1
DA:21,1
DA:22,1
DA:23,11
DA:24,1
DA:25,1
DA:26,11
DA:27,1
DA:28,1
DA:29,11
DA:30,1
DA:31,1
DA:33,8
DA:34,11
DA:35,11
DA:37,11
DA:38,2
DA:39,2
DA:41,11
DA:42,4
DA:43,4
DA:44,4
DA:45,4
DA:46,1
DA:47,1
DA:49,2
DA:50,2
DA:51,1
DA:52,1
DA:53,1
DA:54,1
DA:56,11
DA:57,0
DA:58,0
DA:59,11
DA:60,0
DA:61,0
DA:63,0
DA:64,0
DA:66,1
DA:67,1
DA:68,1
DA:69,1
DA:70,3
DA:71,3
DA:72,1
DA:73,2
DA:74,2
DA:75,2
DA:76,2
DA:77,2
DA:78,1
DA:79,1
DA:81,1
DA:82,1
DA:83,1
DA:84,1
DA:85,2
DA:86,2
DA:87,2
LF:74
LH:68
BRDA:6,0,0,13
BRDA:7,1,0,10
BRDA:10,2,0,9
BRDA:11,3,0,4
BRDA:11,4,0,3
BRDA:14,5,0,4
BRDA:22,6,0,11
BRDA:23,7,0,1
BRDA:25,8,0,10
BRDA:26,9,0,1
BRDA:28,10,0,9
BRDA:29,11,0,1
BRDA:31,12,0,8
BRDA:34,13,0,0
BRDA:35,14,0,0
BRDA:37,15,0,8
BRDA:37,16,0,7
BRDA:37,17,0,2
BRDA:39,18,0,6
BRDA:41,19,0,4
BRDA:43,20,0,3
BRDA:43,21,0,2
BRDA:44,22,0,1
BRDA:45,23,0,3
BRDA:45,24,0,1
BRDA:47,25,0,2
BRDA:50,26,0,1
BRDA:54,27,0,0
BRDA:56,28,0,0
BRDA:56,29,0,0
BRDA:59,30,0,0
BRDA:59,31,0,0
BRDA:69,32,0,3
BRDA:70,33,0,1
BRDA:70,34,0,2
BRDA:71,35,0,1
BRDA:72,36,0,2
BRDA:84,37,0,2
BRDA:85,38,0,1
BRF:39
BRH:32
end_of_record
TN:
SF:../../../issara-jitsi/backend/recordingCleanup.js
FN:8,retentionMode
FN:15,shouldDeleteLocalAfterPersist
FN:22,safeUnlink
FN:32,safeRmDir
FN:45,cleanupEphemeralRecordingAfterPersist
FN:89,cleanupJibriSourceFile
FN:103,sweepEmptyRecordingDirs
FNF:7
FNH:7
FNDA:10,retentionMode
FNDA:4,shouldDeleteLocalAfterPersist
FNDA:2,safeUnlink
FNDA:1,safeRmDir
FNDA:4,cleanupEphemeralRecordingAfterPersist
FNDA:3,cleanupJibriSourceFile
FNDA:1,sweepEmptyRecordingDirs
DA:1,1
DA:2,1
DA:3,1
DA:4,1
DA:8,10
DA:9,10
DA:10,10
DA:11,0
DA:12,10
DA:13,10
DA:15,4
DA:16,4
DA:17,4
DA:18,4
DA:19,4
DA:20,4
DA:22,2
DA:23,2
DA:24,2
DA:25,2
DA:26,2
DA:27,2
DA:28,0
DA:29,0
DA:30,2
DA:32,1
DA:33,1
DA:34,1
DA:35,1
DA:36,1
DA:37,1
DA:38,0
DA:39,0
DA:40,1
DA:42,1
DA:43,1
DA:44,1
DA:45,1
DA:46,4
DA:47,4
DA:48,4
DA:49,4
DA:50,4
DA:51,4
DA:52,4
DA:53,2
DA:54,2
DA:56,2
DA:58,4
DA:59,2
DA:60,2
DA:61,4
DA:62,0
DA:63,0
DA:64,4
DA:65,1
DA:66,1
DA:67,1
DA:68,1
DA:69,1
DA:70,1
DA:71,0
DA:72,0
DA:73,1
DA:75,4
DA:76,0
DA:77,0
DA:78,0
DA:79,0
DA:80,0
DA:82,2
DA:83,2
DA:84,2
DA:85,2
DA:86,2
DA:88,1
DA:89,1
DA:90,3
DA:91,3
DA:92,1
DA:93,1
DA:94,1
DA:95,1
DA:96,3
DA:97,0
DA:98,0
DA:99,0
DA:100,3
DA:102,1
DA:103,1
DA:104,1
DA:105,1
DA:106,1
DA:107,1
DA:108,1
DA:109,1
DA:110,1
DA:111,1
DA:112,1
DA:113,1
DA:114,1
DA:115,1
DA:116,1
DA:117,1
DA:118,0
DA:119,0
DA:120,1
DA:121,1
DA:122,1
DA:123,0
DA:124,0
DA:125,1
DA:126,1
LF:113
LH:92
BRDA:8,0,0,10
BRDA:10,1,0,0
BRDA:15,2,0,4
BRDA:17,3,0,1
BRDA:17,4,0,3
BRDA:18,5,0,2
BRDA:18,6,0,1
BRDA:22,7,0,2
BRDA:23,8,0,0
BRDA:27,9,0,0
BRDA:32,10,0,1
BRDA:33,11,0,0
BRDA:37,12,0,0
BRDA:45,13,0,4
BRDA:52,14,0,2
BRDA:58,15,0,2
BRDA:61,16,0,0
BRDA:61,17,0,0
BRDA:63,18,0,2
BRDA:64,19,0,1
BRDA:64,20,0,1
BRDA:70,21,0,0
BRDA:73,22,0,2
BRDA:75,23,0,0
BRDA:75,24,0,0
BRDA:80,25,0,2
BRDA:89,26,0,3
BRDA:90,27,0,1
BRDA:90,28,0,2
BRDA:91,29,0,1
BRDA:96,30,0,0
BRDA:103,31,0,1
BRDA:104,32,0,0
BRDA:117,33,0,0
BRDA:122,34,0,0
BRF:35
BRH:21
end_of_record
TN:
SF:../../../issara-jitsi/backend/recordingCrypto.js
FN:16,resetEncryptionKeyCacheForTests
FN:20,resolveEncryptionKey
FN:38,trimTrailingNullBytes
FN:48,isRecordingEncryptionEnabled
FN:52,encryptRecordingBuffer
FN:63,decryptRecordingBuffer
FNF:6
FNH:6
FNDA:12,resetEncryptionKeyCacheForTests
FNDA:8,resolveEncryptionKey
FNDA:4,trimTrailingNullBytes
FNDA:3,isRecordingEncryptionEnabled
FNDA:3,encryptRecordingBuffer
FNDA:3,decryptRecordingBuffer
DA:1,1
DA:2,1
DA:3,1
DA:4,1
DA:7,1
DA:8,1
DA:9,1
DA:10,1
DA:11,1
DA:13,1
DA:15,1
DA:16,1
DA:17,12
DA:18,12
DA:20,8
DA:21,8
DA:22,8
DA:23,8
DA:24,1
DA:25,1
DA:26,1
DA:27,8
DA:28,8
DA:29,1
DA:30,1
DA:31,1
DA:32,2
DA:33,2
DA:35,1
DA:36,1
DA:37,1
DA:38,1
DA:39,4
DA:40,3
DA:41,4
DA:42,2
DA:43,2
DA:44,4
DA:45,4
DA:46,4
DA:48,1
DA:49,3
DA:50,3
DA:52,1
DA:53,3
DA:54,3
DA:55,2
DA:56,2
DA:57,2
DA:58,2
DA:59,2
DA:60,2
DA:61,2
DA:63,1
DA:64,3
DA:65,3
DA:66,1
DA:67,1
DA:68,2
DA:69,3
DA:70,0
DA:71,0
DA:72,2
DA:73,2
DA:74,2
DA:75,2
DA:76,2
DA:77,2
DA:78,2
DA:79,2
DA:80,0
DA:81,0
DA:82,0
DA:83,3
DA:84,3
DA:85,3
DA:86,0
DA:87,3
DA:88,0
DA:89,0
DA:90,0
DA:91,0
LF:82
LH:72
BRDA:16,0,0,12
BRDA:20,1,0,8
BRDA:21,2,0,4
BRDA:22,3,0,1
BRDA:23,4,0,1
BRDA:26,5,0,3
BRDA:27,6,0,1
BRDA:28,7,0,1
BRDA:31,8,0,2
BRDA:38,9,0,4
BRDA:39,10,0,1
BRDA:39,11,0,3
BRDA:41,12,0,5
BRDA:41,13,0,2
BRDA:43,14,0,3
BRDA:44,15,0,2
BRDA:44,16,0,1
BRDA:45,17,0,0
BRDA:45,18,0,1
BRDA:48,19,0,3
BRDA:52,20,0,3
BRDA:54,21,0,2
BRDA:54,22,0,1
BRDA:54,23,0,2
BRDA:63,24,0,3
BRDA:64,25,0,0
BRDA:65,26,0,1
BRDA:67,27,0,2
BRDA:69,28,0,0
BRDA:71,29,0,2
BRDA:79,30,0,0
BRDA:83,31,0,0
BRDA:84,32,0,0
BRDA:85,33,0,0
BRDA:87,34,0,0
BRF:35
BRH:27
end_of_record
TN:
SF:../../../issara-jitsi/backend/requestValidation.js
FN:7,sanitizeRouteId
FN:21,assertJsonObjectBody
FN:31,parseBase64Payload
FN:52,sendValidationError
FNF:4
FNH:4
FNDA:7,sanitizeRouteId
FNDA:4,assertJsonObjectBody
FNDA:3,parseBase64Payload
FNDA:1,sendValidationError
DA:1,1
DA:2,1
DA:3,1
DA:5,1
DA:7,1
DA:8,7
DA:9,1
DA:10,1
DA:11,6
DA:12,7
DA:13,2
DA:14,2
DA:15,7
DA:16,1
DA:17,1
DA:18,3
DA:19,3
DA:21,1
DA:22,4
DA:23,1
DA:24,1
DA:25,4
DA:26,2
DA:27,2
DA:28,1
DA:29,1
DA:31,1
DA:32,3
DA:33,1
DA:34,1
DA:35,3
DA:36,1
DA:37,1
DA:38,3
DA:39,0
DA:40,0
DA:41,1
DA:42,1
DA:43,3
DA:44,0
DA:45,0
DA:46,1
DA:47,3
DA:48,0
DA:49,0
DA:50,3
DA:52,1
DA:53,1
DA:54,1
DA:55,1
DA:56,1
DA:57,1
LF:52
LH:46
BRDA:7,0,0,7
BRDA:8,1,0,1
BRDA:10,2,0,6
BRDA:12,3,0,5
BRDA:12,4,0,2
BRDA:14,5,0,4
BRDA:15,6,0,1
BRDA:17,7,0,3
BRDA:21,8,0,4
BRDA:22,9,0,1
BRDA:24,10,0,3
BRDA:25,11,0,2
BRDA:25,12,0,2
BRDA:25,13,0,2
BRDA:27,14,0,1
BRDA:31,15,0,3
BRDA:32,16,0,1
BRDA:34,17,0,2
BRDA:35,18,0,1
BRDA:38,19,0,0
BRDA:40,20,0,1
BRDA:43,21,0,0
BRDA:43,22,0,0
BRDA:45,23,0,1
BRDA:47,24,0,0
BRDA:52,25,0,1
BRDA:53,26,0,0
BRDA:55,27,0,0
BRF:28
BRH:22
end_of_record
TN:
SF:../../../issara-jitsi/backend/securityHeaders.js
FN:4,securityHeadersMiddleware
FNF:1
FNH:1
FNDA:2,securityHeadersMiddleware
DA:1,1
DA:2,1
DA:3,1
DA:4,1
DA:5,2
DA:6,2
DA:7,2
DA:8,2
DA:9,2
DA:10,1
DA:11,1
DA:12,2
DA:13,2
LF:13
LH:13
BRDA:4,0,0,2
BRDA:9,1,0,1
BRF:2
BRH:2
end_of_record
TN:
SF:../../../issara-jitsi/backend/sessionAuth.js
FN:19,sessionRowToReqUser
FN:33,validateSessionToken
FN:44,createAuthenticateSession
FN:69,createOptionalSessionAuth
FN:84,requireRole
FN:95,generateOpaqueToken
FN:100,validateGuestJoinAccess
FN:112,createJitsiRoleJwt
FNF:8
FNH:3
FNDA:0,sessionRowToReqUser
FNDA:0,validateSessionToken
FNDA:0,createAuthenticateSession
FNDA:0,createOptionalSessionAuth
FNDA:0,requireRole
FNDA:1,generateOpaqueToken
FNDA:2,validateGuestJoinAccess
FNDA:13,createJitsiRoleJwt
DA:1,1
DA:2,1
DA:3,1
DA:7,1
DA:9,1
DA:10,1
DA:11,1
DA:12,1
DA:13,1
DA:14,1
DA:15,1
DA:16,1
DA:17,1
DA:19,1
DA:20,0
DA:21,0
DA:22,0
DA:23,0
DA:24,0
DA:25,0
DA:26,0
DA:27,0
DA:28,0
DA:29,0
DA:30,0
DA:31,0
DA:33,1
DA:34,0
DA:35,0
DA:36,0
DA:37,0
DA:38,0
DA:39,0
DA:40,0
DA:41,0
DA:42,0
DA:44,1
DA:45,0
DA:46,0
DA:47,0
DA:48,0
DA:49,0
DA:50,0
DA:51,0
DA:52,0
DA:53,0
DA:54,0
DA:55,0
DA:56,0
DA:57,0
DA:58,0
DA:59,0
DA:60,0
DA:61,0
DA:62,0
DA:63,0
DA:64,0
DA:65,0
DA:66,0
DA:67,0
DA:69,1
DA:70,0
DA:71,0
DA:72,0
DA:73,0
DA:74,0
DA:75,0
DA:76,0
DA:77,0
DA:78,0
DA:79,0
DA:80,0
DA:81,0
DA:82,0
DA:84,1
DA:85,0
DA:86,0
DA:87,0
DA:88,0
DA:89,0
DA:90,0
DA:91,0
DA:92,0
DA:93,0
DA:95,1
DA:96,1
DA:97,1
DA:99,1
DA:100,1
DA:101,2
DA:102,2
DA:103,2
DA:104,2
DA:105,2
DA:106,2
DA:107,2
DA:108,2
DA:109,2
DA:111,1
DA:112,1
DA:113,13
DA:114,11
DA:115,11
DA:116,11
DA:117,11
DA:118,11
DA:119,11
DA:120,11
DA:121,11
DA:122,13
DA:123,13
DA:125,4
DA:126,4
DA:127,4
DA:128,4
DA:129,13
DA:130,13
DA:131,13
DA:132,13
DA:133,13
DA:134,13
DA:135,13
DA:136,13
DA:137,13
DA:138,13
DA:139,13
DA:140,13
DA:141,13
DA:143,13
DA:144,13
DA:145,13
DA:146,13
DA:147,13
DA:148,13
DA:149,0
DA:150,0
DA:151,0
DA:152,0
DA:153,0
DA:154,0
DA:155,13
LF:141
LH:69
BRDA:95,0,0,1
BRDA:100,1,0,2
BRDA:101,2,0,0
BRDA:102,3,0,0
BRDA:103,4,0,0
BRDA:112,5,0,13
BRDA:113,6,0,2
BRDA:113,7,0,12
BRDA:113,8,0,11
BRDA:122,9,0,5
BRDA:122,10,0,5
BRDA:122,11,0,8
BRDA:122,12,0,6
BRDA:122,13,0,5
BRDA:123,14,0,0
BRDA:123,15,0,8
BRDA:123,16,0,1
BRDA:123,17,0,4
BRDA:129,18,0,0
BRDA:136,19,0,1
BRDA:137,20,0,0
BRDA:138,21,0,4
BRDA:138,22,0,2
BRDA:148,23,0,0
BRF:24
BRH:17
end_of_record
TN:
SF:../../../issara-jitsi/backend/socketHandlers.js
FN:4,registerSocketHandlers
FNF:1
FNH:1
FNDA:12,registerSocketHandlers
DA:1,1
DA:2,1
DA:3,1
DA:4,1
DA:5,12
DA:6,12
DA:7,12
DA:8,12
DA:9,12
DA:10,12
DA:11,12
DA:12,12
DA:13,12
DA:14,12
DA:15,12
DA:16,12
DA:17,12
DA:18,12
DA:20,12
DA:21,12
DA:23,12
DA:24,2
DA:25,2
DA:26,2
DA:28,2
DA:29,2
DA:30,2
DA:31,2
DA:32,2
DA:33,2
DA:34,1
DA:35,1
DA:36,1
DA:37,2
DA:38,4
DA:39,4
DA:40,4
DA:41,4
DA:42,4
DA:43,4
DA:44,4
DA:45,2
DA:46,2
DA:47,12
DA:49,12
DA:50,1
DA:51,1
DA:52,1
DA:53,1
DA:54,1
DA:55,1
DA:56,12
DA:58,12
DA:59,2
DA:60,2
DA:61,2
DA:62,2
DA:63,2
DA:64,2
DA:65,2
DA:66,2
DA:67,2
DA:68,2
DA:69,2
DA:70,2
DA:71,2
DA:72,2
DA:73,2
DA:74,2
DA:75,2
DA:76,2
DA:77,2
DA:78,2
DA:79,2
DA:80,2
DA:81,2
DA:82,2
DA:83,2
DA:84,2
DA:85,2
DA:86,2
DA:87,1
DA:88,2
DA:89,1
DA:90,1
DA:91,1
DA:92,1
DA:93,1
DA:94,1
DA:95,1
DA:96,1
DA:97,1
DA:98,1
DA:99,2
DA:100,1
DA:101,1
DA:102,1
DA:103,1
DA:104,1
DA:105,1
DA:106,1
DA:107,1
DA:108,1
DA:109,1
DA:110,1
DA:111,1
DA:112,1
DA:113,1
DA:114,1
DA:115,1
DA:116,1
DA:117,1
DA:118,1
DA:119,1
DA:120,1
DA:121,12
DA:123,12
DA:124,1
DA:125,1
DA:126,1
DA:127,1
DA:128,1
DA:129,1
DA:130,1
DA:131,1
DA:132,1
DA:133,1
DA:134,1
DA:135,1
DA:136,1
DA:137,1
DA:138,12
DA:140,12
DA:141,1
DA:142,1
DA:143,12
DA:145,12
DA:146,1
DA:147,1
DA:148,1
DA:149,1
DA:150,1
DA:151,1
DA:152,1
DA:153,1
DA:154,1
DA:155,1
DA:156,1
DA:157,1
DA:158,1
DA:159,1
DA:160,1
DA:161,1
DA:162,1
DA:163,1
DA:164,1
DA:165,1
DA:166,1
DA:167,1
DA:168,1
DA:169,1
DA:170,12
DA:172,12
DA:173,2
DA:174,2
DA:175,2
DA:176,2
DA:177,1
DA:178,1
DA:179,1
DA:180,1
DA:181,1
DA:182,1
DA:183,1
DA:184,2
DA:185,2
DA:186,2
DA:187,2
DA:188,2
DA:189,2
DA:190,2
DA:191,2
DA:192,2
DA:193,2
DA:194,2
DA:195,12
DA:197,12
DA:198,1
DA:199,1
DA:200,1
DA:201,1
DA:202,1
DA:203,1
DA:204,1
DA:205,1
DA:206,1
DA:207,1
DA:208,12
DA:210,12
DA:211,1
DA:212,1
DA:213,1
DA:214,1
DA:215,1
DA:216,1
DA:217,1
DA:218,1
DA:219,1
DA:220,1
DA:221,12
DA:223,12
DA:224,1
DA:225,1
DA:226,1
DA:227,1
DA:228,1
DA:229,1
DA:230,1
DA:231,12
DA:232,12
DA:233,12
LF:221
LH:221
BRDA:4,0,0,12
BRDA:20,1,0,12
BRDA:23,2,0,2
BRDA:24,3,0,1
BRDA:24,4,0,1
BRDA:25,5,0,1
BRDA:25,6,0,1
BRDA:26,7,0,1
BRDA:26,8,0,1
BRDA:30,9,0,4
BRDA:33,10,0,1
BRDA:35,11,0,0
BRDA:37,12,0,4
BRDA:45,13,0,1
BRDA:49,14,0,1
BRDA:58,15,0,2
BRDA:82,16,0,1
BRDA:86,17,0,1
BRDA:88,18,0,1
BRDA:88,19,0,1
BRDA:94,20,0,0
BRDA:99,21,0,1
BRDA:123,22,0,1
BRDA:140,23,0,1
BRDA:145,24,0,1
BRDA:153,25,0,0
BRDA:154,26,0,0
BRDA:162,27,0,0
BRDA:172,28,0,2
BRDA:174,29,0,0
BRDA:176,30,0,1
BRDA:176,31,0,1
BRDA:184,32,0,0
BRDA:185,33,0,1
BRDA:197,34,0,1
BRDA:201,35,0,0
BRDA:210,36,0,1
BRDA:214,37,0,0
BRDA:223,38,0,1
BRF:39
BRH:30
end_of_record
TN:
SF:../../../issara-patient/backend/services/documentDeliveryService.ts
FN:25,rowToMedicalDocument
FNF:1
FNH:1
FNDA:6,rowToMedicalDocument
DA:4,1
DA:5,1
DA:6,1
DA:7,1
DA:8,1
DA:9,1
DA:10,1
DA:11,1
DA:12,1
DA:13,1
DA:15,1
DA:16,1
DA:17,1
DA:18,1
DA:19,1
DA:20,1
DA:21,1
DA:22,1
DA:23,1
DA:25,1
DA:35,6
DA:36,6
DA:37,6
DA:38,6
DA:39,6
DA:40,6
DA:41,6
DA:42,6
DA:43,6
DA:44,6
DA:45,6
DA:46,6
DA:47,6
DA:48,6
DA:49,6
DA:51,1
LF:36
LH:36
BRDA:25,0,0,6
BRDA:40,1,0,1
BRDA:42,2,0,0
BRDA:43,3,0,5
BRDA:44,4,0,5
BRDA:44,5,0,5
BRDA:45,6,0,0
BRDA:46,7,0,5
BRDA:47,8,0,0
BRF:9
BRH:6
end_of_record
TN:
SF:../../../issara-patient/frontend/hooks/useNotificationsPageHelpers.ts
FN:9,getNotificationsPageLabels
FN:27,notificationRowClass
FNF:2
FNH:2
FNDA:2,getNotificationsPageLabels
FNDA:2,notificationRowClass
DA:9,1
DA:10,2
DA:11,1
DA:12,1
DA:13,1
DA:14,1
DA:15,1
DA:16,1
DA:17,1
DA:18,1
DA:19,1
DA:20,1
DA:21,1
DA:22,1
DA:23,1
DA:24,1
DA:25,2
DA:27,1
DA:28,2
DA:29,2
DA:30,2
DA:31,2
LF:22
LH:22
BRDA:9,0,0,2
BRDA:10,1,0,1
BRDA:17,2,0,1
BRDA:27,3,0,2
BRDA:28,4,0,1
BRDA:28,5,0,1
BRDA:29,6,0,1
BRDA:30,7,0,0
BRF:8
BRH:7
end_of_record
TN:
SF:../../../issara-patient/frontend/lib/api.ts
FN:4,apiBaseUrl
FN:7,getToken
FN:11,request
FN:41,get
FN:43,post
FN:46,put
FN:49,delete
FNF:7
FNH:4
FNDA:2,apiBaseUrl
FNDA:2,getToken
FNDA:2,request
FNDA:2,get
FNDA:0,post
FNDA:0,put
FNDA:0,delete
DA:1,1
DA:4,2
DA:5,2
DA:6,2
DA:7,2
DA:8,2
DA:9,2
DA:11,2
DA:12,2
DA:13,2
DA:14,2
DA:15,2
DA:16,2
DA:17,2
DA:18,2
DA:19,2
DA:21,2
DA:23,2
DA:24,1
DA:25,1
DA:26,1
DA:27,1
DA:28,1
DA:29,1
DA:30,1
DA:32,2
DA:33,0
DA:34,0
DA:35,0
DA:37,1
DA:38,1
DA:40,1
DA:41,1
DA:43,1
DA:44,0
DA:46,1
DA:47,0
DA:49,1
DA:50,0
DA:51,1
DA:53,1
LF:41
LH:35
BRDA:4,0,0,2
BRDA:7,1,0,2
BRDA:11,2,0,2
BRDA:23,3,0,1
BRDA:23,4,0,1
BRDA:32,5,0,0
BRDA:35,6,0,1
BRDA:41,7,0,2
BRF:8
BRH:7
end_of_record
TN:
SF:../../../issara-patient/frontend/utils/buildCalendarEventUrl.ts
FN:2,buildCalendarEventUrl
FN:15,fmt
FNF:2
FNH:2
FNDA:1,buildCalendarEventUrl
FNDA:2,fmt
DA:2,1
DA:9,1
DA:10,1
DA:11,1
DA:12,1
DA:13,1
DA:14,1
DA:15,1
DA:16,1
DA:17,1
DA:18,1
DA:19,1
DA:20,1
DA:21,1
DA:22,1
DA:23,1
DA:24,1
LF:17
LH:17
BRDA:2,0,0,1
BRDA:20,1,0,0
BRDA:21,2,0,0
BRDA:15,3,0,2
BRF:4
BRH:2
end_of_record
TN:
SF:../../../issara-patient/frontend/utils/jitsiDisplayName.ts
FN:14,getIzaraDisplayName
FN:32,jitsiConfigWithIzaraName
FNF:2
FNH:1
FNDA:15,getIzaraDisplayName
FNDA:0,jitsiConfigWithIzaraName
DA:14,1
DA:15,15
DA:16,13
DA:17,13
DA:18,11
DA:19,11
DA:20,3
DA:21,2
DA:22,2
DA:23,15
DA:24,15
DA:25,11
DA:26,1
DA:27,1
DA:28,1
DA:29,1
DA:30,1
DA:32,1
DA:33,0
DA:34,0
DA:35,0
DA:36,0
DA:37,0
DA:38,0
DA:39,0
DA:40,0
DA:41,0
LF:27
LH:18
BRDA:14,0,0,15
BRDA:15,1,0,2
BRDA:15,2,0,13
BRDA:17,3,0,11
BRDA:18,4,0,11
BRDA:19,5,0,3
BRDA:20,6,0,2
BRDA:21,7,0,2
BRDA:24,8,0,11
BRDA:24,9,0,2
BRDA:25,10,0,1
BRF:11
BRH:11
end_of_record
TN:
SF:../../../issara-patient/frontend/utils/jitsiMeetingConfig.ts
FN:31,resolveJitsiDomain
FN:37,mergeRecord
FN:43,stableRoomNameForAppointment
FN:49,pickJitsiJwt
FN:61,resolveMountJwt
FN:80,resolvePatientMeetingDisplayName
FN:105,buildPatientJitsiMountOptions
FN:161,getJitsiExternalApiOptions
FN:197,fetchMeetingJoinConfig
FN:227,fetchMeetingIdentity
FN:248,isHostReady
FN:261,waitForHostReady
FN:277,loadJitsiExternalApiScript
FN:291,script.onload
FN:292,script.onerror
FN:298,mountGuestJitsiMeeting
FN:371,wireJitsiSkipPrejoin
FN:380,connectMeetingSocket
FNF:18
FNH:12
FNDA:14,resolveJitsiDomain
FNDA:14,mergeRecord
FNDA:2,stableRoomNameForAppointment
FNDA:11,pickJitsiJwt
FNDA:9,resolveMountJwt
FNDA:8,resolvePatientMeetingDisplayName
FNDA:7,buildPatientJitsiMountOptions
FNDA:23,getJitsiExternalApiOptions
FNDA:0,fetchMeetingJoinConfig
FNDA:0,fetchMeetingIdentity
FNDA:1,isHostReady
FNDA:0,waitForHostReady
FNDA:4,loadJitsiExternalApiScript
FNDA:1,script.onload
FNDA:1,script.onerror
FNDA:0,mountGuestJitsiMeeting
FNDA:0,wireJitsiSkipPrejoin
FNDA:0,connectMeetingSocket
DA:1,1
DA:31,1
DA:32,14
DA:33,14
DA:34,14
DA:35,14
DA:37,14
DA:38,14
DA:39,1
DA:40,1
DA:43,1
DA:44,2
DA:45,2
DA:46,2
DA:49,1
DA:50,11
DA:51,11
DA:52,11
DA:53,11
DA:54,11
DA:55,11
DA:56,11
DA:57,11
DA:58,11
DA:61,1
DA:62,9
DA:63,9
DA:64,9
DA:65,9
DA:66,9
DA:68,1
DA:69,1
DA:70,1
DA:71,1
DA:72,1
DA:73,1
DA:74,1
DA:75,1
DA:76,1
DA:77,1
DA:80,1
DA:85,8
DA:86,8
DA:87,8
DA:88,8
DA:89,8
DA:90,8
DA:91,8
DA:105,1
DA:106,7
DA:107,7
DA:108,7
DA:109,7
DA:110,7
DA:111,7
DA:112,7
DA:113,7
DA:114,7
DA:115,7
DA:117,7
DA:118,7
DA:119,7
DA:120,7
DA:121,7
DA:122,7
DA:123,7
DA:124,7
DA:125,7
DA:126,7
DA:127,7
DA:128,7
DA:129,7
DA:130,7
DA:131,7
DA:132,7
DA:133,7
DA:135,7
DA:136,7
DA:137,7
DA:138,7
DA:139,7
DA:140,7
DA:141,7
DA:142,7
DA:144,7
DA:145,7
DA:146,7
DA:148,7
DA:149,7
DA:150,7
DA:151,7
DA:152,7
DA:153,7
DA:154,7
DA:155,7
DA:156,7
DA:157,7
DA:158,7
DA:159,7
DA:161,1
DA:162,23
DA:163,23
DA:164,23
DA:165,23
DA:166,23
DA:167,23
DA:168,23
DA:169,23
DA:170,23
DA:171,23
DA:172,23
DA:173,23
DA:174,23
DA:175,23
DA:176,23
DA:177,23
DA:178,23
DA:179,23
DA:180,23
DA:181,5
DA:182,18
DA:183,23
DA:184,23
DA:185,23
DA:186,23
DA:187,23
DA:188,23
DA:189,23
DA:190,23
DA:191,23
DA:192,23
DA:193,23
DA:194,23
DA:195,23
DA:197,0
DA:198,0
DA:199,0
DA:200,0
DA:201,0
DA:202,0
DA:203,0
DA:204,0
DA:205,0
DA:206,0
DA:207,0
DA:208,0
DA:209,0
DA:210,0
DA:211,0
DA:212,0
DA:213,0
DA:214,0
DA:215,0
DA:216,0
DA:217,0
DA:218,0
DA:227,0
DA:228,0
DA:229,0
DA:230,0
DA:231,0
DA:232,0
DA:233,0
DA:234,0
DA:235,0
DA:236,0
DA:237,0
DA:238,0
DA:239,0
DA:240,0
DA:241,0
DA:242,0
DA:243,0
DA:244,0
DA:245,0
DA:246,0
DA:248,1
DA:249,1
DA:250,1
DA:251,1
DA:252,1
DA:253,1
DA:254,1
DA:255,1
DA:256,1
DA:257,0
DA:258,0
DA:259,1
DA:261,0
DA:262,0
DA:263,0
DA:264,0
DA:265,0
DA:266,0
DA:267,0
DA:268,0
DA:269,0
DA:270,0
DA:271,0
DA:272,0
DA:273,0
DA:274,0
DA:275,0
DA:277,1
DA:278,4
DA:279,4
DA:280,1
DA:281,1
DA:282,1
DA:283,3
DA:284,4
DA:285,1
DA:286,1
DA:287,1
DA:288,2
DA:289,2
DA:290,2
DA:291,2
DA:292,2
DA:293,2
DA:294,4
DA:295,4
DA:298,0
DA:310,0
DA:311,0
DA:312,0
DA:313,0
DA:314,0
DA:315,0
DA:316,0
DA:317,0
DA:318,0
DA:319,0
DA:320,0
DA:321,0
DA:322,0
DA:323,0
DA:324,0
DA:325,0
DA:326,0
DA:328,0
DA:329,0
DA:330,0
DA:331,0
DA:332,0
DA:335,0
DA:336,0
DA:337,0
DA:338,0
DA:339,0
DA:340,0
DA:341,0
DA:342,0
DA:343,0
DA:344,0
DA:345,0
DA:346,0
DA:347,0
DA:348,0
DA:349,0
DA:350,0
DA:351,0
DA:352,0
DA:353,0
DA:354,0
DA:355,0
DA:356,0
DA:357,0
DA:358,0
DA:359,0
DA:360,0
DA:361,0
DA:362,0
DA:363,0
DA:364,0
DA:365,0
DA:366,0
DA:367,0
DA:368,0
DA:371,1
DA:372,0
DA:373,0
DA:374,0
DA:376,0
DA:377,0
DA:380,0
DA:381,0
DA:382,0
DA:383,0
DA:387,0
DA:388,0
DA:389,0
DA:390,0
DA:391,0
DA:392,0
DA:393,0
DA:394,0
DA:395,0
DA:396,0
DA:397,0
DA:398,0
DA:399,0
DA:400,0
DA:401,0
DA:402,0
DA:403,0
DA:404,0
DA:405,0
DA:406,0
DA:407,0
DA:408,0
DA:409,0
DA:410,0
DA:411,0
DA:412,0
DA:413,0
LF:316
LH:164
BRDA:31,0,0,14
BRDA:37,1,0,14
BRDA:38,2,0,13
BRDA:38,3,0,1
BRDA:43,4,0,2
BRDA:44,5,0,0
BRDA:49,6,0,11
BRDA:53,7,0,4
BRDA:53,8,0,0
BRDA:54,9,0,4
BRDA:54,10,0,8
BRDA:55,11,0,9
BRDA:55,12,0,10
BRDA:55,13,0,2
BRDA:55,14,0,9
BRDA:56,15,0,2
BRDA:56,16,0,8
BRDA:57,17,0,1
BRDA:57,18,0,1
BRDA:57,19,0,8
BRDA:61,20,0,9
BRDA:80,21,0,8
BRDA:86,22,0,1
BRDA:87,23,0,1
BRDA:87,24,0,7
BRDA:88,25,0,0
BRDA:89,26,0,0
BRDA:89,27,0,7
BRDA:105,28,0,7
BRDA:112,29,0,2
BRDA:112,30,0,6
BRDA:112,31,0,6
BRDA:113,32,0,2
BRDA:128,33,0,2
BRDA:141,34,0,2
BRDA:145,35,0,6
BRDA:145,36,0,4
BRDA:146,37,0,4
BRDA:161,38,0,23
BRDA:162,39,0,20
BRDA:162,40,0,18
BRDA:180,41,0,5
BRDA:181,42,0,18
BRDA:248,43,0,1
BRDA:253,44,0,0
BRDA:256,45,0,0
BRDA:277,46,0,4
BRDA:278,47,0,4
BRDA:279,48,0,1
BRDA:282,49,0,3
BRDA:284,50,0,1
BRDA:287,51,0,2
BRDA:285,52,0,1
BRDA:291,53,0,1
BRDA:292,54,0,1
BRF:55
BRH:49
end_of_record
TN:
SF:../../../issara-patient/frontend/utils/notificationRouting.ts
FN:2,getNotificationTarget
FNF:1
FNH:1
FNDA:6,getNotificationTarget
DA:2,1
DA:3,6
DA:4,4
DA:5,4
LF:4
LH:4
BRDA:2,0,0,6
BRDA:3,1,0,2
BRDA:3,2,0,4
BRF:3
BRH:3
end_of_record
TN:
SF:../../../issara-patient/frontend/utils/resolveApiBaseUrl.ts
FN:6,resolveApiBaseUrl
FNF:1
FNH:1
FNDA:6,resolveApiBaseUrl
DA:6,1
DA:7,6
DA:8,6
DA:9,6
DA:10,2
DA:11,2
DA:12,6
DA:13,1
DA:14,1
DA:15,6
DA:16,0
DA:17,0
DA:18,1
DA:19,1
LF:14
LH:12
BRDA:6,0,0,6
BRDA:7,1,0,3
BRDA:8,2,0,3
BRDA:9,3,0,1
BRDA:9,4,0,2
BRDA:12,5,0,1
BRDA:15,6,0,0
BRDA:17,7,0,1
BRF:8
BRH:7
end_of_record
TN:
SF:../../../issara-patient/frontend/utils/resolveEnv.ts
FN:7,runtimeEnv
FN:12,resolveEnv
FN:33,resolveEnvBool
FNF:3
FNH:2
FNDA:16,runtimeEnv
FNDA:16,resolveEnv
FNDA:0,resolveEnvBool
DA:7,16
DA:8,16
DA:9,16
DA:10,16
DA:12,1
DA:13,16
DA:14,16
DA:15,2
DA:16,2
DA:18,14
DA:19,14
DA:20,14
DA:21,16
DA:22,0
DA:23,0
DA:25,14
DA:26,16
DA:27,0
DA:28,0
DA:30,14
DA:31,14
DA:33,1
DA:34,0
DA:35,0
DA:36,0
LF:25
LH:18
BRDA:7,0,0,16
BRDA:8,1,0,0
BRDA:12,2,0,16
BRDA:13,3,0,2
BRDA:14,4,0,2
BRDA:14,5,0,2
BRDA:16,6,0,14
BRDA:21,7,0,0
BRDA:21,8,0,14
BRDA:21,9,0,0
BRDA:26,10,0,0
BRDA:26,11,0,14
BRDA:26,12,0,0
BRF:13
BRH:8
end_of_record
TN:
SF:../../../issara-patient/frontend/utils/resolveMeetingServerUrl.ts
FN:7,resolveMeetingServerUrl
FN:22,rewriteForBrowser
FNF:2
FNH:2
FNDA:3,resolveMeetingServerUrl
FNDA:2,rewriteForBrowser
DA:1,1
DA:7,1
DA:8,3
DA:11,3
DA:12,1
DA:13,1
DA:14,1
DA:15,1
DA:16,1
DA:17,1
DA:18,1
DA:20,2
DA:22,2
DA:23,2
DA:24,2
DA:25,2
DA:26,2
DA:27,2
DA:28,2
DA:29,2
DA:30,1
DA:31,1
DA:32,2
DA:33,0
DA:34,0
DA:35,1
DA:36,2
DA:37,0
DA:38,0
DA:39,2
DA:41,2
DA:43,0
DA:44,0
DA:45,0
DA:46,0
DA:47,0
LF:36
LH:27
BRDA:7,0,0,3
BRDA:8,1,0,0
BRDA:11,2,0,1
BRDA:18,3,0,2
BRDA:41,4,0,0
BRDA:22,5,0,2
BRDA:25,6,0,0
BRDA:28,7,0,1
BRDA:29,8,0,1
BRDA:32,9,0,0
BRDA:32,10,0,0
BRDA:34,11,0,1
BRDA:36,12,0,0
BRF:13
BRH:7
end_of_record
